abbot's
accidents
albs
aquarium
avows
besieging
breads
bung
Burch's
cachet's
Calderon
capitalizes
Carol's
cautiousness's
Cedric
characteristically
clergyman
codicil
condominium's
copulating
Currier
deceives
Delius's
Dell's
deviations
discerns
enviable
except
explanatory
expressionism's
far
florists
foamiest
foodstuff
Fuentes
GIGO
glottises
gobblers
Goff
Gospel
Gretzky
hemlocks
impetuously
ineffectiveness's
ingenuity
invoicing
Leonidas's
littler
lying
Major's
Martinez's
mascot
Micronesian
MVP
Nunavut's
octal
oldie
partaking
patter's
payments
pensive
perforation
perplex
plainclothesman's
pluralized
poignancy's
pricks
promoter
protozoon
pushier
quadriplegic's
queerness
radiuses
recoils
rectum
reincarnates
replaces
saliva
save's
scrimmages
seesaws
sheepishness
skedaddle's
skillets
smoothest
snarl
stint's
stuffing
surceased
tanker
temple's
tithing
Toledo
trifling
Trojans
truncation
underflow
upcountry
wilfully
Zimbabwe's
