abbey's
agronomy
amicably
amplification's
arraying
Barnett's
brawn's
brazen
breathlessly
butterfly's
cadences
calliper's
card
celebrated
chieftains
christening's
cloned
coiffure's
commits
conditioned
coolest
crumbier
DD's
deflect
demoting
denoting
detonators
disclaimer
dislocations
domicile
dressing's
eBay
etymology
Eva's
evermore
fest
fiesta
fraternity's
gazillion
glamor
glimmering
google's
green's
Gretzky's
habituation's
harness's
hector's
heirs
hypodermic
impulsed
inalienable
ingenuously
inquest's
insidiousness
ironical
Jersey's
jolliness's
labyrinthine
Lambrusco
Lenora
lilt's
loftiness's
lubricator
macaroni
meantime's
Menes's
meringues
Mia
midtown's
Montevideo
nacho
nightshade's
obeisances
patriotic
playoff
proprietresses
Rebekah's
retrenching
retroactive
rhea
Rudolph
Sakhalin
savors
sereneness
Shanghai's
spatting
sputters
Stockhausen
succeed
swatch's
sympathized
tendentiousness
terminate
transcendence's
urologists
Uruguayans
Valium
wane's
watermark
Yang
