abolitionist's
aqueduct
archaeologists
ascertained
Augustine's
Avicenna
backing's
Belmont
boneheads
Buddhists
Buxtehude
cedillas
cleaner
Courbet
curative
damndest
debauches
deers
defendant
diphthong's
discreditable
disembarkation
dyking
embellishing
entropy
excretory
Ferraro's
Fijian
finds
freebasing
French
gainsaid
genesis's
graduation's
gunman's
handiness
Hanford's
hiveminds
housekeepers
idlest
inadvertently
incubation
info
inhumane
instalment's
justness
lag's
lancets
likelihood
lupine
mange
mountings
Muppet's
Ngaliema's
niche's
nightingale's
onomatopoeia
osteoporosis's
outburst's
outsize's
Palermo's
parallel
penknife's
perimeters
Pfizer
pickaxing
plovers
praiseworthiness
principally
purity
quinine's
rage's
ravage's
recompile
reenacting
reproduces
retrenchment's
safety's
samba's
sandwich
sanitizing
scaffolds
segments
silhouetted
smock's
sorrier
southern's
squaw's
Sufism
supposedly
sweetbriar
sweetest
swisher
taped
though
Val's
vamp's
vignetted
weakens
yoga
