Adas
Althea
ammonia's
Anubis's
approve
assassination
attitudinizing
audio
banana's
bane's
bassoon's
beastliness
bedlam's
biologist's
Capet's
chickening
chromosome
contributory
cranberries
crossfires
crummy
Deanne's
decongestant's
defecting
deliverance
diva's
dorkiest
Erato's
exists
Fairhope
flavorless
fluids
fretfulness
gourmet's
gullible
highwayman's
hobs
homely
hysteria's
icon's
inaudibly
inferior
insanest
ion's
Juggernaut
junkets
jurists
laboratory
Lanai
lance's
lases
logarithm's
meander's
mellowed
Mons
monstrosity
motorcycle
mumblers
neodymium
odes
Oedipus's
officeholder's
pares
periwigs
perks
plagiarist's
plainest
Precambrian
predeceased
premarital
prettifying
punt's
qualifications
racers
repose's
rockiest
romanticist's
ruminant
Runyon
scrunches
sentries
shrove
sockets
spoilage
spoonful
Steele's
stomachache
subleased
tine's
Trailways
training
unites
utility
velours's
vibrancy's
villein
vixen's
wartime
willow's
zippy
