adolescence's
ambiguities
Angelia
Araby's
Azerbaijani's
bandana
battle
belong
bikers
bilateral
blindfolded
blunter
bouncer
Brynner's
catastrophe
central's
chatty
correcting
corrosion's
cowgirls
cowpunchers
crumbier
densest
digitalis's
disentanglement
doomed
Eltanin's
exhaustible
fatigues's
Fleischer
foolhardy
gillions
Glastonbury's
grayness's
gully
handily
harming
ignobly
incensing
indenture's
interposes
interrupts
ioctl
ionizer
It
jelly's
jog's
Kahului's
lath
locker
logotype
mailman
mayflowers
mince
Nikolai
nitroglycerin's
nonprescription
numbed
pelvis
pet's
pit
primmest
providence
quilts
racists
raid
reconstructing
remarry
reminiscing
remonstrating
retract
Rodriguez's
rooted
roundness's
Russians
scarifies
serge
smilingly
snippets
softer
standbys
steamer
tabuing
Teresa's
timers
topmast's
top's
Toynbee
Tyree's
uncultivated
uncut
unpredictable
Vader's
viscountesses
vituperate
watertight
whiter
Wilkins's
wist
zap's
