Aleichem
apprehend
Arline's
balm's
beady
bellows
Blondel
Cage
candidacies
Cardin's
clothed
clvi
collectables
confronted
cont
crazier
decelerates
definition
demise's
Democritus
deposits
detouring
deviltry
diabetic's
dissimulated
distracts
dopiest
doubtful
droopy
echos
Enterprise's
Fuji's
glimmering's
handset
hankers
hickey's
incriminated
inkiness's
iris's
Jehovah's
Joule's
Kirinyaga's
ladyfinger's
layering
lovely's
macerated
marihuana
masterstroke
mavin's
mesmerized
microwaving
monaural
monotonic
neurotransmitter
northern
Oldenburg
pantie's
pathways
physiotherapy
Pittsburgh
posits
prankster's
prissy
produced
rancidity
realists
recreated
rectifying
redeployed
refugee's
relative
Robeson's
Rotterdam's
rustlers
sensuality
sentencing
seventieth
shiitake's
silkworm's
sniffling
spectator's
squirted
stauncher
stepchildren
sublimer
tenderfoot's
tint's
towns
transliterations
trekked
trip
turmerics
Tweedledum
twitches
utilization's
variants
warmest
warrant's
Watson's
Xamarin
