accesses
activated
alderwoman
anaemia's
Angeline's
assemble
atrociousness
bewilder
blazon
bloom's
Brenner's
buttressed
cardiologist's
Carlo's
carpal's
cartwheels
cleaned
combat
contenting
contiguity's
crochet's
deceptive
declivity's
dialect's
diatoms
dings
disambiguate
Dniester's
Duchamp
eagerest
Elva's
extinguishers
extraneously
extremism
familiarity's
fireplug
flue
flunked
flyer
formatting
Foucault
funereal
gadflies
gamey
greyhounds
hamstring's
Hellenism's
horseback's
hundredths
hungover
ignore
immigrate
immobilization's
infest
interjecting
Lafitte's
Lilly
mallow's
Md
message's
minutia's
moods
Nehru
nonjudgmental
nukes
o'clock
oversampling
owner
partial's
Perl
persuasion's
phosphors
purchase's
redirect
red's
repackaging
rerun's
ribbon
scolding's
Sherlock's
shoehorn
soar
strep
sugars
Susquehanna
sybaritic
Tallchief's
tartans
temptress's
tendon's
Unicode's
untenable
URL
validity
volts
waggle
waken
watchfully
wishful
Zeppelin's
