accorded
antiquated
arbitrators
behaved
blacktopped
brazen
brooder's
cached
candlestick
Carolyn's
carouse
casement
cheerleader
cleanness's
commissioning
cowardliness
creationism
credos
darling
debentures
degrade
describing
detriment
disbands
disbursing
Eakins's
Ellington's
embezzlement
endlessness's
ennobling
excretes
extravagance
flickers
foppish
Frontenac
Gamble's
Hamsun
Hangzhou's
heroin's
historically
homies
impressionists
indiscretion
individualizes
Indy
inertness
involves
Irma
Jockey's
Joel
kenning
Kimberley's
Leicester
licences
licking
lien's
listening
magnetism's
maverick's
misconceiving
misplay's
Oaxaca's
Pamirs
paramour's
pasteboard
pettifogger's
Plataea
pol's
Poona
preterite
privacy
provincial's
purgatorial
purify
rapscallion's
remission
roofs
salmonella
sanctified
seductions
septums
shamrock
shipyards
slothfulness
snaring
spaces
Spenglerian's
steepest
sublimate
swellest
syllogism
thief
threads
Torricelli's
trace
undeniably
uninjured
urbanize
xylem
zeppelin's
