Ac
agonies
arrowhead's
asterisk's
Aztlan
backstroking
Baotou's
boga
bongoes
brambles
buzz
captivation's
carapaces
carbine's
char's
chattiness
cheekier
chipper's
churchman's
churlish
contest's
courted
cubic
deaden
debtor
dinnering
disgraceful
earthiness
entwines
escaping
exclusion's
excoriating
fedora
fiasco's
fielder's
fluoride's
foobar
gabble's
gamble
Gascony's
haggled
hallucinogenics
handcart's
heros
immeasurable
individualist's
indulge
interjections
intro's
Iowan's
IQ's
Jeep's
Jones's
Mar's
monasticism
Montenegro
nationalism's
Nevada
Newtonian
Nieves's
northeasters
nosh's
nymphomaniac
pederasty's
pelt
penurious
perish
poppa's
possums
preconceptions
prolong
prowled
Pyrrhic's
renegading
reproaches
reproduction
reproofing
salaam's
Savior
shortwave's
shrubbery
sidetrack's
silliest
snugly
splurging
spray's
subside
Sylvester's
syncing
taro
Tunney
uniformly
versing
vital
wack
Waksman's
Wang's
wefts
whorehouse's
wrathfully
