admirals
agitations
aniseed's
anticipate
arithmetic's
assemblywoman
barrage
beautifier
blanks
Capetian
chronology's
Clearasil's
clergies
coastline
commodore's
Concord
condominiums
creditably
cretin
debenture
dejected
denounce
dillydallies
discerning
Domesday
duckbill
electrodes
EST
Eurydice's
Feb
finance
flatbed
fossil
framer
Frieda's
Ghazvanid's
glutting
gristle
handbill
hectoring
heirlooms
hindsight's
homophobia's
hush's
inconsolable
influx's
ironwork's
kickbacks
Korzybski
lariat
loxes
lured
meters
methought
Miguel
misdiagnosing
mishandling
muted
noncooperation's
numerating
obeys
ophthalmologists
outlandish
outshone
owl's
oxford's
pandering
papers
pellagra's
Piaget's
procurator's
protester
rework
rowboat
Salvatore
sawyer
scampi's
Sept's
shrilled
signal
silk's
soubriquet
streakiest
striker
sultana's
Tadzhik
Tasmania's
teller
throughput
toolbox's
torqued
troupers
Tulane
typescripts
underpass
Vilma's
wadded
war's
whimsey
Whittier
