abduct
aggrieved
altimeter's
answer
arraignments
bombshell's
bulwark
canted
comradeship's
Condillac
conform
custom
daubs
dodge's
Ebony's
Elkhart
encamp
expectorates
flashier
fledgelings
fuzzball
Gallagher
garnish's
geezers
genuflect
gorp
groused
hearts
hideout
hierarchical
homeboys
hookworm's
Huggins's
inboxes
infirmity's
intrinsic
ipecac's
isms
Jacksonville's
Jephthah
Josephson's
laces
loathings
mainland
manse's
manufacturing's
Menkar's
message's
methane's
midwifed
miking
Minerva
moseyed
Muse
mutest
Negros
nosediving
ordination
Orkney's
outfielders
pedal's
pottage's
proceeds
protestations
reflexives
reluctance's
remaining
reservist's
rewound
rift's
Roman's
salaam
salvation
scallywag
sermonizes
shadiness's
sodomites
southwesters
specially
spite's
stepbrother's
stumbled
subcommittees
sultanas
tale
teleconference
Thanh
threnodies
tropical
tumbler's
tumbling
tuna's
undeniable
untwists
uproot
validness
Vijayawada
viscera
wingtips
zany's
