affinity's
agave
alum's
avoirdupois
bakeries
Barnett's
befoul
beta
bloodlessly
bootblack's
buckyball
bullets
caisson's
careens
cheep's
Chivas
churl's
circumlocutions
Claudia's
connivance
crosschecks
C's
Darby's
decencies
dismissed
drench
ecumenical
enforces
engorged
ennui's
exacerbation's
ferry
fluoroscope's
freebases
frigate's
gargling
glads
gland's
Guinean
Guofeng's
Herzl
Ibadan
ignorance's
infiltrates
jigsawn
killed
lampshade
lilt's
lull's
Lyon's
magnetic
marquee's
mathematically
mazes
memorandums
memorializes
merchant
Michelangelo's
Nicaraguans
nonphysical
overjoy
oversupplied
parent's
Pentium's
pertinacious
pestle's
pliant
Pollux's
pot's
prawn's
program
projector's
protests
recyclable
Rory
roughhoused
saltpeter's
schmalzy
schoolchild
shelter's
shoring
sneezed
sociability
soloist
sweetbriar's
switchbacks
Technicolor
theater
tingle
toweling's
uneasiness's
unimportant
vastness
wheres
woodpecker
wound's
wrangling
wretches
yock
Zebedee
