adhesion
admonishes
ally
annealing
aquaplane's
axle's
blankest
blues
Bobbi
Bulgaria's
bulldogged
Burke
caddy
cankers
caretakers
chaparral's
cheerful
chemist's
clatter's
consortiums
cooper
copycatting
crab
decimation's
dehydrated
devoting
discourse
dissatisfaction's
divergent
drape
elephant's
emperors
Eve's
exterminator
faultlessly
fictionalize
footnote's
gamest
garnish
generators
Goudas
grasshopper's
grower
grungier
hailed
hearth
Hertz
however
illicit
inbred
insinuate
jocosity's
jokes
kind
Kipling's
laceration
lam's
leaning
lectern
lee
limitless
linoleum
luckiness
misanthrope's
misquote
moan
modernized
mortice
netters
overpaying
paperbacks
pinkeye
platitude's
plums
pod
portage's
postmen
procrastination's
prodigies
quenched
recline
reproach's
repudiating
retrofits
Riverside
shareholders
shell's
sluggers
stateside
tachometer
teakettles
timberlines
tinkled
tormenters
tremulous
tyrannosaurs
unsubstantial
valise
vintner
wont
