abundance's
advantageously
afterthoughts
alibi's
Angelo
antiquated
armlet
arose
Ashe's
barged
blackheads
Bonner's
caters
Catskill's
celebrations
changing
compassion
continent's
contrariness
cutesiest
Delacruz's
demesne's
democrat's
derail
despairing
devolve
dinging
distaste's
dugout
Elgar's
embosses
factionalism
Felecia's
Ferrell
fingertips
gal
Gienah
Harte's
icings
impermanence's
inception
innocent's
institute
intercedes
interlace
Jaime
Jami's
Jeannette
laxative's
Lewis
lolls
Mankato's
Maori's
maudlin
Mendel's
miasmata
millipedes
misfiring
Nathans's
naturalist's
negation's
nervous
ninety's
Nobel's
officer's
overhear
pagan's
palliate
panhandles
personify
pick
poignancy's
poltergeists
popgun
postpartum
primate's
quadruped's
reconstitutes
retributions
return's
Rome
senna's
shimmed
smuggling's
snaffling
stays
stenciled
straightaways
subbed
supply
taproom's
testimonials
thinness's
Tokugawa's
Toronto's
tumult's
unemployed
unkindness
werewolf's
wooer's
