accommodation's
adversities
applicable
Baedeker's
boils
bough
burbling
capitulation's
catalogue
Chantilly's
chintziest
cinctures
clicks
colludes
created
creel's
crinoline
Dadaism
dazzles
Dec
demonstration's
diffraction's
disarray's
duty's
Dvina's
enacting
excellent
fishtail
forsaken
freshet
fricassee
gardenia's
garrotes
gifts
gizmos
grudge's
Gucci
heartened
heirloom's
helmsman's
Honda
hopelessness
illumined
immolating
iron
junkyard's
largo
limos
mainmast's
makeshift's
maneuverability
meatloaf
metabolize
Midway's
Miguel
molars
mother's
ninetieths
oafs
oddity's
orangutang
orating
otters
outbursts
outcast's
paged
panhandle's
passengers
patrolman's
Peck
perter
pettifogged
pickax's
pizzicato's
propositional
Quetzalcoatl's
repackage
resoluteness
rigidity's
rumpus
scallion
scathing
screwing
scullery's
serge
simulcast's
simultaneously
slaying's
Soweto's
speckle's
staleness
substantive's
Theodosius's
thriftiness's
toy
Tussaud
Tweedledee
untangle
verbatim
vertices
