accumulation
Alsatian's
arbitrariness
archways
assails
barrenness's
Bernadette's
blind
brewing
Bryon's
butlers
capitulating
captioned
Cassandra's
chairpersons
communicants
computations
Connery's
contraptions
creamiest
crotchet's
deeply
Delmar's
Deming's
disjointing
drooled
eclecticism's
embolism
epitomized
eventfulness's
flab's
flamer
forebode
garbage
gear
geographies
ginning
handling
highboys
humaneness's
intellectualizes
Ithaca
Izod
Jeremiah
kidnapper's
Kyrgyzstan's
lastingly
leg's
levitate
lifeline
limbered
malarial
manikin's
marveling
Micheal's
Miltown's
misnomers
misreading
naught's
nominations
noontime's
NT
occult
ophthalmic
particularities
Patton's
person
pertly
piled
Platonic
playacting
pol's
poncho
processional's
prosaically
pursuer's
regularizes
relocated
repatriates
rutabagas
securities
seventy
Sophie's
spacecraft
spandex's
staple
tangle's
terser
thrashing's
toboggan's
Tomsk
trainers
unplug
Vedas
vocalic
warbler
weigh
weightiness
whiff
wrists
