abbreviates
adds
adjured
Aeroflot's
agings
alphabetizing
baize's
beg
Bissau's
bit
bluebottle's
Bob's
Bojangles's
Brahmin's
broths
bucolics
Cascades
citing
clerked
clusters
cobble
constitutional's
debate's
derides
doctorate's
Donna
dyspepsia
FAA
Falkland
Fields's
forearm
Fourneyron's
freighter
frighteningly
frontage's
Galapagos
Garfield
gayness's
generous
Gentoo's
Giorgione
gismos
golfs
goodby
gratifications
habitation
Hadar's
harasses
Hausdorff
inefficient
interrelates
Jarrod's
kestrels
liquoring
loftiness
luminescence's
Manchu's
marksman's
moonlighting's
newborn
Norplant
obliterate
operatic
outmanoeuvred
oven
overdone
oversensitive
parlaying
passable
pictograph
plainclothesman
precipitated
protestors
punter
replenishes
sachem's
shavers
showroom
slacks's
snorkeling
solitaires
spoiling
spyglasses
stacking
stomachaches
sultans
suppose
tobacco's
Tojo's
tranquillize
trapezoidal
trucked
Tyree's
underground
unison's
unsportsmanlike
uptake's
victors
Wallenstein's
webisodes
