absentees
Alhambra
assess
auditory
Beck
Bierce
bilks
Cavendish's
centralized
chaperones
conscientiously
contentious
courtesy
croquet's
Dannie's
deers
despatch
devilment's
directives
disadvantage's
djinn
downloadable
dowry
earthshaking
editorials
encampment's
Ethan
executive's
f
formalized
FSF's
genitalia's
germanium
gobblers
governorship's
hairdo's
Hispaniola
hominy
hung
illegibly
impalement
incorporate
insult's
invigorating
jerked
Judases
Labrador
laryngitis's
liberties
lie
lupin's
Martial
medication's
menacingly
metatarsal's
migraine
mineral
Monterey
mortise
newbie
perjury's
potty
practicality's
proctored
prohibitionist
puppetry
readmit
recessional
restructuring's
Rich's
rightists
royalists
sayings
Secretary
semitone
shirrs
shouldered
shuttling
sobriety's
softest
soil's
sophism
spacey
static
stockpile
subscripts
swirly
tidewaters
traduces
transforms
transients
typewrite
unfrocking
unplugging
unsweetened
Visayans
Vitim's
wastelands
whorls
windshields
