abutted
accessing
amusement's
Andy
anvil
backgammon
Bauer's
beast
beauteous
bodkin
border's
bozo's
bucktooth
bulls
burnous
buttonholing
Carol
carsickness's
chilis
chitchat's
clingier
collaborates
cosmologists
crayfishes
disjoints
divinities
Eggo's
ejaculated
Elastoplast's
emasculate
ESPN's
examined
expenditure
exudes
fever's
fizzier
frown
gimlet
goop
Greeley's
Haas
hammered
hawkish
headbands
heirlooms
helium
hodgepodge's
honey
illustrating
inheritor
Lebesgue
living's
Madge
Mahavira
Maigret's
mask
McGuire's
memorializing
millepedes
modernism
moisturizer's
Morales's
Nemesis
Nepal
niggaz
ornithology
overreaching
pigskins
Pogo's
product's
pumped
putsch
quavering
rapidly
ravelling
readily
reapplies
registration's
Rubaiyat
Salvadorans
savvy
scandalizing
sibyl
simplifying
snazzy
spaceflight
spit's
Strauss
swatting
telegraphs
tempering
terrier
thinners
Tientsin's
toss's
tropic's
UN
unobservant
waistcoats
warhorse
