allocate
Amber's
armory's
arrangers
backpedal
Bjork's
bluffer
bonniest
booth's
braving
bunions
Camus's
cant's
Carnap
centigrade
chiselers
christenings
civilizations
degrading
Dictaphone's
diffed
earmark
electrocardiogram's
elongations
embankment
escaping
exploiters
extinguisher's
Firebase's
fixatives
flourish
foamiest
folks
forecasters
frivolous
furlough
gabby
Germany's
gimcrack's
glamourizing
grimaces
hangnails
heydays
homesick
imprudent
Indy
kilobytes
knavery's
lark
lassie
loosing
loyalty
lustiness
macrocosms
Manasseh
Masonite
matte
Mendel
Menelaus
mill's
monotheists
moppets
naughtiness
needles
neurology
nil
Olympian
out
outcasts
overstating
paternally
pharmacologists
phonology
plunk
protection
puppetry
quartettes
rediscovering
repast
Reverend
rhythm's
roams
secularize
steadfast
stretching
syrup's
tenser
time's
tombs
towellings
trueing
Ukrainians
unemployable
unscrambling
unwilling
Vesuvius's
Watts
weeders
wee's
whirring
