abrasive
amused
anticipated
arctic
astronomer's
Austronesian
Bacon
banishment
Barack's
Becky's
bench
Bible
blitz's
brownout
bullfighter
bunt
cabaret
carbonates
caucussed
chaises
checker
cleat
cogwheel
comported
conversation
cosmic
cyberpunk's
deepen
dockyard
don's
dotting
dusk's
eel's
enthusiasts
exclusivity's
ferrous
fluctuating
foggiest
friendships
Geo
goof's
gratefulness's
Grendel
Grimes's
impersonal
important
impressive
intensification
joystick's
landslid
letup's
makeups
marathoner
marker
megachurch's
mendacity
midget
muting
neutralization's
nucleuses
octagonal
odds's
oinks
outsiders
overflows
panhandler's
paradox's
parson's
pasteurizes
pertinacious
pioneers
prejudiced
profanes
quadriplegic's
replayed
representations
revised
routs
runny
sawed
Selena
senate
shaky
shariah
Shreveport
snorkels
spaceship's
stillbirth's
studly
Surya
swam
tab
tangled
Tannhäuser
uncivilized
underhanded
Victorville's
vote
weariness's
Wii's
