antimony
Apollonian's
apologize
archivist's
Assad
Baal's
Baluchistan
bedeviling
Bess
bookmaker's
bulge's
cable
carriers
Chattanooga
chile's
cider's
colonist's
Congregationalists
crisped
croupiest
Del's
disembark
Ehrenberg
emotion
enigma
Eratosthenes's
exhaled
fallibility's
ferried
fuddle
goalkeeper's
Godzilla
gorse
Harold
heatstroke
Heaviside
hilts
hog
hour's
husking
incremental
indiscriminately
innocence
instigator
joviality's
lames
leprechaun
literary
looping
macintoshes
magneto
metabolize
moustaches
muezzin
niggard
offense
offstages
ordinance
outcome's
overestimated
PC's
pharmacopeia
populism's
Porsche's
Prado's
promotion
prophesy
Randell's
rescission
salesmen
satchel
seeing
sheepskins
Shields
smear's
smile's
snarks
snorer
sods
Sonya's
southpaw's
space
squinting
squishy
stickleback's
swopping
tipis
toll's
tonalities
Tylenol
undershoot
unification's
unwrapped
valve's
Vedanta's
voile
wadi's
wangle's
watercolor's
whisky
