acquittals
Alan's
Arawakan
baseballs
bassinets
Benetton
Bethesda
booziest
boudoirs
capability's
cavalcade
chunkiness
cider
climaxing
clipboards
cogent
congestive
counterfeit
countrywomen
cracker's
curmudgeon
diction
discommoded
dot
drafty
DST
faintness's
fanciness's
Farragut
flagellums
flex's
floured
foregrounds
foreshortened
Franck's
Frost's
garishly
gobbed
homogeneity's
IBM
implacability's
initio
insentience's
Judaic
Katharine
kingdoms
liquefaction
lowland
Maiman's
mainstreamed
maples
marabous
marshmallow
Maupassant's
monies
mouser's
mousiness
Neva's
Niccolo's
obverse
paralysis
pariah's
peony
permeates
pestling
plausibility
ploughs
prompter's
quaffed
questionnaire's
rectifier
refers
relented
REMs
ripple
rowdiness
salvo
sanctimoniously
scalped
shakeup
showboats
sinew's
Slavs
sol
stamen
steamboat
tactile
tactlessness's
tearooms
telltale
Thai
Thieu's
tiptoe's
toed
ukulele
Valhalla's
variant's
Veronica
Watusi's
Westphalia's
