announcements
apprehensiveness
arrowroot's
Azores's
bearable
boardrooms
bounty's
bricklaying's
brook
busting
chit's
confuted
contemptuously
cooled
countryman
crappiest
deadens
degeneration's
deprecatory
destroyer
discourages
duly
dunk's
electioneering
emulators
enslaves
entitlement
exclusiveness's
Flintstones's
freeholders
graphite's
growls
Grus's
hazily
highlighting
Hohokam
Hooters
house's
HP
husky
impanel
importunes
inverts
jettison
jiggered
Johnathan's
landlord
lb
Maggie's
Mario's
materials
megacycle's
minor
misapplying
mistletoe's
Mujib
novel
nuncios
Onegin's
opposing
ordering
picturesque
procuring
pro's
purveyed
puzzler
quietly
radar's
rapport
reordering
reversal
rework
roadwork
ruder
Ruthie
Sawyer
scarlet's
secretiveness's
sheller
shrunken
Silurian
sketchier
slacks
snob's
spindly
steam's
supremacy
synthesizer
taco's
tequila
transitively
Ulyanovsk
unfrocked
unfurling
vividness
watercress
wham's
Wikipedia
wishers
WWW
