accessions
acolyte
agronomist's
Alec
alkalinity
anticipating
assault's
Babbage's
bellyached
bimbos
binning
BP
certifiable
chasms
chid
chitchat
concentrations
conciliate
counters
couplings
covetousness's
coveys
destruct's
dilated
disburse
Dominick
don't
dough
ecstatically
encloses
epileptic's
excusable
expansiveness's
flowing
forgetful
frittering
fruitfulness's
fry's
garbanzo's
gents
global
greet
Hadar
Ingram
Inuktitut's
inverses
involuntarily
Katharine's
King
kiwis
km
legrooms
Letterman's
location's
marinates
Martinez's
miasmas
minibus
mistrust's
mommas
mows
multiracial
niter's
nuisance's
nutriments
occur
pandas
participles
pixy's
pray
primitively
recipient
ridicule's
Rio
sanatoria
schoolyard's
Seleucid
SharePoint
Shelley's
smarter
spoiler
sully
sunflower
suspending
Sven
symbolized
tabooed
tarred
taxes
toilets
traces
turban
tux's
unaccented
uncommonly
UNIX's
Vince's
Vivian's
whole's
Zhukov
