abattoir
Alphonso
Altair's
amalgamated
aortae
arias
assuaging
attenuates
balalaikas
banjos
bearing
blackboard
blobs
chamberlains
cheeseburger's
cicada's
clavicle's
cloys
concur
conquistadors
Conroe's
contagious
courtesan's
cruft
CSS
daze
deposed
dictators
discreeter
Duffy
earlobe's
exterminated
extractor
fertilization's
flagged
fluoridating
frazzling
Gentiles
gotchas
goulash's
homestretch's
Hooker
idiocy's
Imhotep's
implausibilities
inadvertently
Isis
jocundity's
Juana's
judgments
killed
Lacey
leeched
lunchroom
maintainers
manful
Maui's
Mesabi's
milder
millennium's
muffler's
Oracle
Parsi's
patchwork's
percolators
plenitudes
polysyllable's
prude's
python's
Quebec's
reduce
refiner
restricts
Royce
rubier
Salisbury's
saluted
screwing
scurry
smugness
sousing
spammer
spirituality
staffer
stickpin
stories
subgroups
teak's
telemeter's
tempters
Thule's
treasure
truth's
umbrage's
unwrap
Vinson
wardens
whoever
wimpy
worshipper's
