acoustics's
actuaries
adamantly
aerobic
Alvarez
Arnulfo's
atriums
basil
beliefs
blueberry's
Bragg
brandishes
bucketed
buckles
bylines
canceled
Clark's
clinging
colon
concludes
crania
cremated
debs
decryption
desertion's
discomfiture
encoded
executives
flail
flower's
Forester's
fuses
gales
gerontologist's
Goebbels's
graders
grandchildren
grievances
hearkening
hems
Hilfiger's
homicidal
hoof's
Hoyle's
hydrotherapy
immortals
jury
Kennewick
Kurtis
lag's
lioness
lithographic
logistics's
loitering
Mahicans
manure
Marne's
masses
material's
mooches
MST
Netscape
nickle
Nick's
oratorical
ostracism's
paddled
parables
pities
placed
quantity's
reeducating
regresses
reverses
rewired
rube's
sensing
serializes
showered
steep's
stopgap's
storekeepers
stunningly
superlative's
texture's
toasts
tool's
tucker's
unconsciously
underpants
Unixes
unsaddle
uphill's
upholding
Watson
windbreak's
withstands
yoghurts
yours
Yugoslavian's
