ads
advert's
alabaster's
algebra's
ANSI
asphyxiation's
automated
backwater's
bids
blackbirds
bodywork
boringly
braiding
bricklaying
bruskest
Budweiser
Campinas's
Carboloy
Carolinian's
chickens
Citigroup
Clemons's
commingle
consonance's
criticizes
culled
decadence's
Derick's
discombobulate
doyen
drolleries
ECG's
Efren
envisioning
fascinations
fetches
fluency
forensic's
franchises
Fremont's
goes
habituates
handcart's
Harare's
Hazlitt's
hemorrhage
homeyness
Hottentot
humping
inaction's
incarcerate
invigoration
invite
labors
Lindy
luncheonette's
mammal
maxes
Maytag's
meadowlarks
model's
Nimrod's
outperforming
penny's
peppiest
Phillips's
Plexiglas's
portals
pucks
quadrille's
repulsing
restating
Ritalin
Royce's
scows
Sepoy's
settle's
sheen
shorthorns
shrove
shrubby
subcompacts
sugarcoating
superficiality
suspends
suspension's
teaspoonful
teensier
Tevet
theocracy's
Turkestan's
underestimate
unearths
uneaten
unsteadiest
ventriloquists
Wheaties's
wilier
worshiped
Yangtze
