absolved
Andean
animates
awaken
barfed
Beach's
bottled
brood's
Bulgarian
chlorination
classiness
coking
communication
compunction's
concourse
cow
crematorium
dart's
Descartes
disturbance
Dubuque
emergencies
encrypted
Englishwomen
fang's
Feynman
fleets
footballer
frolicking
fulfilling
Gene's
glazing
gnarling
Gompers
Göteborg
guarantees
heir
horseradish's
Huxley's
hyperbola
ICBM's
idealized
imbedding
impeaches
incorrigible
inhumanly
jettison
journals
Julies
Jung
karat
keeper's
knee
lagoon's
lampooning
Lassie's
lightheartedness
lucre
magnanimity
masquerading
misanthropes
montage
morpheme's
mummies
mysticism
prescription
pressures
rallying
Reasoner's
recount
relearns
rescheduling
revelation
revenged
riming
sanctimonious
secluded
sexting
ship
shipbuilders
sic
signer's
slops
smelt
sower
splint's
submerse
synergism's
Taoist
template's
transposing
treas
truncation
vanquish
waxiness's
weeps
Wiesenthal's
wimp
woefully
zinger
