Angelique's
Arline
Bacardi
backsliders
Barrie
bashfulness
battier
bin
blowouts
bookseller
broaching
Bush
catwalks
ceasing
civilizations
Claiborne's
collation's
comfiest
confrères
convincingly
corruptions
cross's
dabbed
DD's
diddle
dismantles
eaglet
endowments
enervation's
entrenchment's
Evian's
extortion
fluffiest
gallows's
goods's
hanged
Harrods's
hasp's
Hegel
Highness's
hugely
indiscretions
initiatives
intensification
investor
invocation
knave's
knee's
lessons
lung's
majorly
map's
marketability
mulligatawny's
name's
Negros's
neuralgia's
Onondaga's
Oriya's
overcasting
parleying
parochialism's
Perry's
pinochle
powerlessly
precipitately
proscriptions
prosecuted
quatrain
readouts
receptionist's
rehabilitates
reoccurred
repository
repulsion's
retype
rotundas
rung
salvoes
scurry
shah's
shims
showdowns
smolder
stakeouts
stark
subsidence
synchronization
Torrance
touchings
tracheotomies
trailblazer
unsold
utopia
victualed
violinist's
voiding
Vulcan's
woodpeckers
wordiest
