act
amounted
antagonisms
babushka's
backyard's
Baez's
Belinda's
bishops
Britannia's
broadcasts
Cajun's
cantaloupes
chapter's
chorusing
combustion
commandos
compactest
cornstarch
crouch's
curvacious
custodians
dazing
degraded
descending
disengaged
dozen's
Dustin's
earthquake's
Eden
fabrics
fault's
firefighter
fop
Fosse's
Francesca
fruitcakes
gadgetry's
generic
Greensleeves's
griddle
Harlow's
headroom
healthiness
Heep
he's
imaginatively
impalement
incriminates
intrenches
Iris
jelled
jimmy
justification
laptops
laryngitis
Lena
Manning's
mart
Mordred
mugged
nailbrushes
naval
oven
paramedical's
paraplegia
payees
perfume
persona's
pheasants
picante
possum's
prayer's
racing
rubiest
rustiest
Salton
shambling
sharked
sleepwalk
stuffing
subhead
surmounted
suspensions
tadpole's
thriftiness
Toltec's
touch
tribe's
Turkey
turncoats
uppermost
USS
valedictory's
vaporization
vat
Ware
wrong
xylophonist's
Yaounde's
Zoroastrianism
