abstaining
actualities
Alamo
avowing
backache's
baggy
bark's
blatant
bonanzas
bought
burro
calumniated
carrousel's
catkin's
chi
circular's
Cl
cloudless
collocates
contraption's
crossbreeds
curable
decimation's
desk's
dewberries
Diaghilev's
disappoints
dittos
Enkidu's
eschew
expurgated
Farmer
fentanyl
footlights's
frailest
fury
harry
homelier
hoses
ideologist's
infelicity
inlaid
integument
irrelevancy's
Ismael
Ivan's
jailor's
joust's
Juliana
kookier
learnt
LED
leviathan
llamas
lofty
maintained
Manhattan's
marimba
marinated
Matthews's
Merriam
Micawber's
Millie
mothball's
mumblers
Nebuchadnezzar
Nichole's
Nicobar
nincompoops
outsmarting
pidgin
platitudes
praised
Rabat
redirection
saltwater
Scottie's
self
Seville's
silentest
silt's
Sistine
solitaries
squirrelled
storekeeper's
Sumter
sweating
swelled
syrup
Tito
Toby's
toothsome
truckles
Ungava's
usurper
viburnum's
Vientiane's
walleye's
welch
welts
