accompaniment's
Amalia's
amphibians
Anatolia's
ancient
armadillo
baffle's
Barker's
best
bigness
bogosity
bolder
boner's
Brownies
calabash
Capri
caramel
Chandragupta
checkroom's
Clojure
Coleridge
Colette's
colonist's
congenial
consist
controvert
cousin
disingenuous
drawbridge
drugstore's
DTP
e
Elway
engrossed
ensue
escapade
faculties
Felix
flashing's
forgers
frolics
fuzz's
gaffe's
Gauls
gazetteer's
gelatine
gorse
haberdasher's
Hawaii
indelicate
infects
inhumanely
irreparable
ivory
Jermaine's
Jimmie's
kneeled
leeway
liquoring
Mandelbrot
mate
nudes
obit
palazzi
piece
platforms
politicians
posturing
preamble's
reactionary
receivers
recurrence's
regenerated
registrar's
reorganizations
retorted
Sandy's
seedlings
shill's
snobbish
SO
squab
stemmed
strung
stumble's
Sundays
swashbuckler's
tariff's
thread
twaddle
underused
unreasonable
vampire's
Vaughan
vetted
voyage
warmest
wheedled
William
WY
