abbots
adeptness
airworthy
Aldrin's
amaze's
Angelia's
anopheles
Anselmo's
appellate
Australasia
Balinese
bamboo
blooper
Clausius
cob
collar
comforter's
confidences
congruent
contorts
cornucopia
costume's
covetousness's
crevices
deadlock
defuses
departures
descant
devote
dictation
dieresis
disclaim
disruption's
dos
emphasizing
Enid's
envisage
Euripides's
extra
fortitude's
furnishes
Gere
granulation's
hosiery
hurler's
IMNSHO
impure
inklings
Jove
kiosk's
Koppel
lamasery's
L'Oreal's
lout's
millstones
niggas
paisleys
parapet's
pharmaceutical's
pithily
PowerPC's
preheat
promoted
racily
reasserted
Reba's
resettling
resonates
Salas
Sanger
savanna
seamed
sensitiveness's
septums
Shelby
shredding
spills
stepfather
strata
suppliant's
supremacist's
tabulator
tangelo
thirsty
tiff's
tongs
Trafalgar's
trolleys
truncheon's
tumbles
tunnel
unbeliever's
uncleanness
undeveloped
unmitigated
unnecessarily
vestibules
wickedness
willows
windswept
