abominates
agism
applicable
Australoid's
babblers
balsams
battered
beheld
biospheres
brontosaurus's
Budapest
burring
busses
cannibal's
Charlestons
Clarice's
clinking
compartment's
congestion
constructed
crisply
crude
cuff
Cuvier's
Dakota
disaffecting
disparages
dissatisfaction's
elixir's
eluding
endemic
enthusiasm's
excrescence
extremer
festoon
forsworn
Frazier
gamblers
generalizes
glanced
Greenpeace's
Guam
hesitancy's
hexed
hundreds
ideology
impresario's
independently
inquisitively
intelligence's
jackrabbit
Kampuchea's
lamer
Lenard
Lhasa's
Lockheed's
logistically
luminosity's
mailbombs
Maputo
mayhem
meantime
Messiah
mintier
Mizar's
Nagoya
neatness's
Nikita
oarlock
ocelots
paralytic's
picturing
pinkeye's
plead
plenty's
polkaed
preconception
procreation's
quartermasters
quivered
RCA
replacement's
ruthlessly
saccharin
Sadr
satire's
shiftless
Sierpinski's
slat's
sorghum's
stockier
suckle
technical
telekinesis
Tokyo
twofold
verifiable
wheezes
yeoman's
Yorktown's
