actuality's
Ampere's
antagonists
appellation's
assimilates
Barquisimeto
beginnings
bemoan
Bilbao's
billing
bisected
blooding
bluebottle
Bogotá
brazenness
bun
carbonated
cardiology
career
carver's
Chayefsky
conjuncture
conning
contemporary's
cruet
Cthulhu's
culotte
cursive's
dependant's
detachable
dickering
discreetly
disenfranchisement's
disposing
Dnepropetrovsk
drywall
dubbed
forefinger's
gigged
gnu's
gravestone
hairdresser
handcart's
handicraft
haranguing
ides
indentation
Kit
Kojak's
Lizzie's
megapixels
Melissa's
millet
minuter
missionaries
monied
negativity
nonresidents
numismatics
oil's
olive
passerby's
patronage's
petrol's
PostgreSQL
pothook's
prequels
prizefighter
prognostic
Québecois
reckon
religious
repletion
salts
sarsaparilla's
schoolchildren's
screening
season
seesaw's
sensationally
shipped
silver
smallness
snarf
SO
solidifying
summits
survival
syndication's
tailwind
tailwinds
tarot's
treadled
tron
Truffaut
unacceptable
unwashed
Wei's
wines
Yaroslavl
