Alyce
Amway
Anderson's
arias
aromatic's
ashamed
beltways
binomials
bumps
Burroughs
catalogs
Catherine
châtelaine
classroom's
cockamamie
contiguity
dairying
deices
depoliticized
disheartens
dishing
eagerest
eking
empire's
field's
fiery
flagstone's
flatters
Gallagher's
gaudiness's
Gauguin's
Glenlivet
gore
Hadar
hamstring
hamstringing
haphazard
hertzes
idolatry
implodes
ingests
insulates
kaboom
layman
lemur's
libertarian
lots
ludicrous
mantlepieces
maturest
max's
MEGO
merely
methodologies
milkweed
modulate
mortals
multilingual
navigation's
nod
obviate
oceanic's
omissions
onerous
penmanship
peritoneum's
picked
pleasuring
Post
prohibition's
ransomed
realist
recapture
residencies
Rivers's
salamander
saltshaker
shingle
shipyards
shire
shoemaker's
sidesaddle's
skated
slyness
smoothy's
starches
stick's
stripteased
stunk
sum's
Talmud
tranquillity
underrates
utilitarian's
Vespucci's
vocalizes
vortexes
whittle
yearn
yum
