abroad
age's
amphibians
Babylonian
Balkan
Bertie's
blabs
blackcurrant
bloodstream's
Bonhoeffer
candidate
catnapping
censoring
chiropodist's
commonplaces
comparable
Conroe
counterexample
Csonka
cubical
deprecatory
enrages
enthuse
expansively
experiment
fearfulness's
fiscal's
football
footstools
forecaster
freshened
frivolous
geegaw's
geneticists
godparents
gratefulness's
guava's
gymnasium
hicks
huffily
intuition
jurisprudence's
keyword's
knoll's
krypton's
lamed
limpet's
link's
Lombardy
Lubavitcher's
Maine's
material
Mauricio
McCormick
Murfreesboro
murkiest
ogre's
pelvises
people's
pistols
poisoners
Ramakrishna
reflex's
relative's
Rossini
routine
Rumsfeld's
sadder
sanctimonious
scented
scoop's
scrotum's
shirr
shortens
snottier
specs's
spoof's
sucked
Sudetenland
summons
sunroof's
swifts
tenderloin
Thrace
tied
toughens
toughs
tragedians
transshipment
troubleshoots
truthfulness
underwater
urges
venerates
vestige's
vocabulary
volt's
Ward
webcasts
weepy
