abeyance
adulterers
Angelico
ape's
Ararat
assemblies
audacity's
audiophiles
azimuth
Balzac's
beastly
bent's
berths
Bilbo's
boner
boycott
Brooks's
buckwheat
butane's
captaincy
carafe's
centrally
cognomina
cowhand's
crystalizing
Cyprian's
diacritical
DiMaggio's
disenfranchisement
dogma
drain
drawing's
Durocher's
elimination
enrolments
entryways
enunciation
EULAs
fingertip's
flung
framers
fuck's
furious
gallivanting
gerrymanders
Ge's
harlequins
Hart
herding
hotkeys
Imelda's
irruptions
Jocasta
Klimt
Lahore
lustier
marinaded
microfiche
Mir's
mummify
murderess's
offloading
onetime
Patrica
pattered
peals
pharmacology
pinches
playbill
playoff's
plural's
powerhouse's
rafter's
reuniting
Rome's
Schumpeter
seminarian
serial
seventh's
shoplifting's
sinkhole
skydived
snaps
snoozing
Son
soulmates
Southwest
spinoff
squeegeed
sugar's
suppleness
teensy
Teri
Terkel's
Tia's
tide
timer's
unto
wept
wife
