accusing
Alford's
amanuenses
Amerindian
anorexia's
attribute's
Belem's
bill
biochemicals
callipered
chanter's
chunk
cobbler
Cochran
combated
comer's
conjecturing
consecrating
contributor
cornet
Cortland's
cottonseeds
crinkled
crudity's
deemed
dehydrate
depravity
distrusting
doggerel's
Eurodollar's
expatiate
expeditiously
explored
felon's
fives
furor
gauntness
genomes
Gulfport
harlot's
humanoid
hunger
hydraulics's
impedimenta's
inclemency's
inhibitions
intones
ionizers
Jan
jig's
Josue
Katmandu's
kismet's
lavishing
lithographing
Mach
magician
mesas
Meyer's
misshapen
mortared
multiplicands
nakedness
nostalgic
obeisance's
orbital's
orchestra's
organism
outwears
overboard
paintwork
pennant
penthouse's
perilous
Perm
permits
perturbation's
predisposing
preemptive
quacking
reading's
restricting
Salome's
scapulas
schlocky
shinned
sleepiness
stateliness's
stunning
Tania
tarrying
Texarkana's
thunderous
tribalism
uncouple
vegetarianism's
votive
Winchester's
windy
Yeager
