Adolph
aeon's
albino's
aloft
articulateness
banister's
bathers
Beauvoir
besotted
blaster
Bosporus's
bouncing
bugged
capitalizes
carjacker's
catgut
codify
collar's
concertmasters
covert
crossbones's
cross's
damnedest
decay
Ewing
fascinations
figure
Fortaleza
garaging
gelatin
gentiles
ghostwriters
globule's
godhood
graduation
Griffin's
Gurkha
hake
Hanukkah
hawing
homie's
humanly
humbly
hymns
indiscriminate
infertility
interrupted
javelins
judge's
kookaburras
lasting
leprosy's
mantels
Maud's
meritocracy's
Negroids
nondeductible's
notarize
numerators
observing
ox's
presumed
prom's
propitiatory
pushiest
quell
Ramon's
rationale
realization
reassessment
register
relational
reticence
Ronald's
royalty
rumpled
sculptor's
slalom's
slue's
sly
smoothie
Snake's
spice
spumed
stocking
taking's
tarragon's
Timurid's
toadies
took
transferals
unified
unmercifully
usurious
Vela
vi
weekly's
whistled
Woods
Ziegler's
