Alfredo
anathema's
anxiety
arable
Assyria
attach
Avalon
Balder
befouls
braving
cagier
columbine
contagions
Corvette's
critique's
crucify
delivery's
democratic
desecrates
dilatory
dissenter's
Draconian's
dreads
dunce
emulators
enured
epilogue
foursome's
freighters
frump
gingerbread's
Godthaab's
goober
graduation
halt
Ham's
harshness's
hayseed
homepages
humiliating
increases
Indianapolis
inquest's
internalized
invariant
Josef's
landmasses
laziest
leafletting
Leninist
mathematics's
melanoma
memorizes
mendacity's
Merovingian's
mobilized
mutates
numerator's
organdie's
outclassing
overbooks
pagan's
Parthia's
pastiche's
pawnbroker
pockets
polio's
Polynesia
possesses
preemption
prerequisite
qualms
quirk
recuperated
response
ridicule
riling
riveters
Sagittarius
Salesforce's
selfishness's
serviced
shoveling
sideswiping
silhouette's
smithy's
sparsity
spiting
starfishes
sublimity
superseding
superspreader
tarots
Thackeray's
Thermopylae's
tizzy's
translates
triviality's
wave's
wideness
