acclaims
addends
Aeschylus's
amicability
Asgard
aspect
attend
awaked
banking
bench's
Bernays
Br
calms
Campanella's
carouser's
Catherine
chaffinches
chainsaws
chastise
classicism
codification's
commencing
contending
counsel
crab's
diatom's
diehard
disobedience
distilleries
duckbills
filigree
forbear
foxes
franchiser's
Gaiman's
gesticulations
ginkgo
gladiola
goblet's
Hesiod
incident
inclosure's
keyboarder's
lettuce's
longitudinal
Louie's
maniac
Marx's
Medan's
Meyerbeer
mistiming
module's
MSG
nexuses
noninterference's
nuzzling
originating
patois
pealing
piranhas
predestine
preoccupied
pressing's
propagandists
quaffs
relish
sacrileges
Scheherazade
scornful
seasick
shockingly
sideline
smuttiest
snip
spacy
sparsest
spoors
stitching's
stockroom
suitcases
Sven's
sweatshop's
Tahiti
territorial's
throughway
tourmaline
twelves
twin
unappetizing
unseasoned
uploading
Uzbek's
vividly
wabbits
waft
wanked
waylaid
wealthier
Woolite's
workflow
