abstractedly
acclimatized
accomplishes
Adriatic's
angular
apology
aromatic
asserting
aureole
beneficial
blunders
boxcar's
Brattain's
breakfast
Brueghel
caravan
Carlson's
cheat's
Cheops's
Chernenko's
chiropractors
chorussed
clavicles
cleavage's
Csonka's
curtseying
debris
dessert's
diagramming
egret
emending
factor's
flotillas
Frankfort's
friendlier
fructifying
gentility's
Georgians
gesture's
gulags
gymnastic
harbor
hoariness
hosed
humidity
imbecilic
individuals
inflammation
introductory
Ir's
Jubal's
Kristie's
Kwan's
labor's
leavened
legitimate
licensees
lifeboat's
locksmith
looped
Lucille
Lumière's
Michelin's
millage
minority's
misconstruction
nondenominational
papered
Patricia's
phooey
phylum's
pillages
plodded
pyramid's
ravening
refugee's
repertory's
returning
Rhineland's
rhododendron's
rodent
Roumania
rudely
rut's
scarcity's
Scheherazade
Sheffield's
shutout's
sim
skywriter
smoothest
sultana
Tamra's
terminus
Titanic
understatements
wallops
Wed
workdays
Zechariah's
