abstractnesses
ageing's
Alberto
appealing
ascend
assesses
assessor's
bowmen
buck
buffalo's
Castor
chisels
cobblestone
commands
confided
crimson's
crooned
crossbar
Daniel's
defusing
detoured
dismayed
ejaculation
electrification's
entailed
enthusiastically
ethnologist's
famishes
fauna's
fizz's
foamier
food
foreskin's
freed
girder
hemline
hoisting
ideogram
infiltrator's
inflections
jailer's
jerseys
jobs
Karaganda's
Kerr
kinfolks's
lats
Leo's
liquidator's
locoweeds
Manning
McGowan
McIntyre
Minuit's
Mozambican's
neediness
nonjudgmental
numeration's
O'Neil's
outback's
outweighing
overhang
past
pica
polystyrene
potpourris
preventable
Priceline's
privies
quills
racehorses
reproves
respectful
rewire
Rickover
rigorous
rink's
rude
sandblast
Shaula
soaps
strychnine's
supersized
surveillance
symmetry
symposium's
Szymborska's
Tara
thrive
thunderhead's
titmouse
toothpick's
tradesmen
tricolor's
unconvincing
unlikelihood's
Windows's
Wisconsin's
woolen's
Zaire's
