activation's
adulation's
anemometer's
archipelago
archway's
Ashkenazim's
audibly
autographs
balmier
bathos
bedspread's
bogeyman
bounder
breasts
brocade
brunet
calendaring
cellulite
chewer
cleanings
columnist's
concordance
Conway's
cope
courtier's
Deann
debauch
decant
digest
dissed
encroachment's
encyclopedic
engraver
Epiphany's
equivocally
federal's
Filipino's
fixture
forgetfulness's
frat
frittering
gallbladder's
geologic
governing
Grosz's
hopeful
idlest
interposed
inveighs
japanning
Jimenez
Joshua's
largely
Legendre's
lix
loin's
lucidity
Lucinda
mainstream
manage
Merrill
Michele's
monarch's
nation
noon's
numeration
Ocala
oinked
organelle
posing
preferable
prick's
Ptolemy's
pub
pumper's
questing
Rasalgethi's
rayon's
refulgence's
resupply
roamed
schticks
shearer
shelling
Skype's
sleepwear
Slidell's
soloists
Soto's
stiffs
supplest
tinned
topaz's
treatment
triglyceride's
Troilus's
US
Victorian
Yong's
zed's
