agreeably
automation
Benjamin
Berenice
bicycle
billies
Bioko
blintze's
boastfulness
cabbage's
cantaloupes
cellist's
Cessna's
Cheyenne
chucking
circumflex's
cookers
courtroom's
coveted
crimes
crocodile
Darth's
Diogenes's
disapproval's
disquiet
dowsing
dynamiting
enthusiast
equations
famishing
FedEx
filtration's
fogginess
garnishee
gravely
Grimes's
gutters
Gwalior
haberdashers
hand
hardiness
Heraclitus's
hermaphrodites
incapability
inquires
interviewee
jacket
jasmine
Khazar's
logarithms
lubricants
Magdalene
melodramatic
Mississippian's
Mogadishu
mystifies
oases
ordination
Paganini
Pampers's
passive's
patently
percolators
PJ's
playlist
pollen
polliwog
porterhouses
potties
prattle
proudest
refrigerator
relents
reviewers
rivals
Samson
samurai's
schisms
sill
sinks
smeared
smock's
Snead
sneer's
sombrely
Starbucks
stupidities
synching
teams
tiff's
tribesmen
Tuesday's
unobserved
Ute's
vacuity's
vandalism
watercourse's
Yang's
yard
Zionists
