ad's
Aristotelian
atheistic
atrociousness's
banned
Bannister
beacon
bespeaks
bobs
bolls
brutishly
Caspar
cheated
Christi's
Cinderella's
circles
cockpit
composure's
creases
cytology
dandy's
defeatism's
derived
dockyards
elation's
emigration's
Escherichia's
eviscerate
excrete
experimenter
fairies
fifty
flashbulb
folksier
forecastles
formation
Gall
genuineness
gobbler's
Google
grandness's
grants
Grinch
Hammerstein
helpmeets
hemispherical
hoists
iambic
innuendo
insemination's
irregular
jeopardize
Jim
level's
maladjustment's
Mamore's
masseuse's
meteorite
meteorological
mileages
moot
morsel
Nanak
newels
nine
nonobjective
notorious
obfuscating
pickerel
playable
popularly
pricing
protégés
quarterly
quickest
RDA
readiness's
reorganizes
revenges
Sheraton's
Si
sidewalk's
slims
societies
spadework
splicer's
strikeout
stupidest
subroutine
Sundas
tailcoat
Thucydides
tipples
unbounded
unimpeachable
usurer
vodka
wingnut
wobbled
wrongly
