adjectives
agglutinate
Alicia
Angie
Ashanti
behests
bimonthlies
blusher
booby's
bpm
Burundi's
Carolinian's
Cary
Cellini
circumvents
Clojure's
conjoining
Connellsville's
contorted
creepiest
croupiers
cupcake
dampness's
defoliating
distiller's
duds
espadrilles
exchange
explosion
Faisal's
fazed
ferret's
fez's
fibulas
Fry's
grapple's
grog's
halfpenny
hash
horribly
Idahos
impalpable
independence
indiscretions
ingratitude's
Josie's
Kusch's
ladles
landlord's
lassie's
Leslie
Lima
Madison's
majesties
mannishness
martin's
masticating
minced
Miranda
misstep's
mousetrap
museum's
nondrinker
offensiveness's
oxygenation
pacification's
Panmunjom
pique's
pressurization's
prizefight's
problematical
pulsar's
quadrilateral's
reaches
redcaps
replaceable
restart
sander
shams
shoehorn
sired
slideshow
suitability's
teasel
tightropes
tract's
trademark's
trafficker's
unaltered
unintended
Union
unlikely
veils
verbal's
Verlaine
whatsoever
wheelbarrow
whinnies
workhorse's
worlds
