academics
Alabama's
amnesiac's
assessment's
borderline
bowel's
broadcasters
cabanas
canopy's
carcinogen's
caulked
cigar
clobbers
Cl's
collarbone
compelling
Coulomb's
Coulter
Crabbe
craned
crumbled
crumby
Diefenbaker's
directs
dismissals
doubter's
eleven's
elongation's
Elroy's
emendations
encrust
foist
fractional
freebee
Gabriela
graphing
guides
gullies
hacienda's
Haifa
halving
hellion
honeyed
hothouses
Huey's
humanize
imperturbability's
Indianan
interchanging
Joel
Khachaturian's
Kirinyaga's
laburnum
leaflet
lighter
limped
lira
Livingston's
loudspeakers
Marlborough
milked
misery
mollified
motives
nonproductive
optimizer
overall's
Pembroke
Pickett
piggy
prefabbing
preheats
profoundest
radiogram's
ragout
redress's
rehabilitation's
rotogravure's
rubberized
safeness's
sclerosis's
Scotchman's
shadier
snuggles
splay's
stadium's
streaked
superlatively
Tibetan
tines
Twain
Twitter's
unfitted
upstages
version's
Vesta
voluptuary's
wantonly
wrinkle's
Yamagata
