administer
ague
annoyingly
anonymously
assemblywoman's
backgammon's
bethinking
bluntness
breakwater's
bungs
caseload's
catastrophes
Changsha
childproof
cited
Colin
countersunk
daffodil
darkness's
debonair
Defoe
diverges
dormouse's
Ebeneezer's
egoist
equivocation's
export
fallout's
fecund
fire's
flowery
footnote
frost
gentlefolk's
Gentry
George's
grandiloquent
grippe's
Guernsey
gusts
hooking
horsehide
horticulture
hyphens
infringe
ingratiates
isometric
Kobe
Latonya's
latrine
librettos
mailbox
Marge
millers
minims
monolith's
mutes
Myrdal
nationalization
Negros
Norris
Ocala
Ochoa
ordains
outspokenness's
Oxford
patrolled
pond
pouch's
practical's
presto
pretence's
recalled
refuge
remounted
restriction
rewrite
Ringo
scapula's
shamefulness's
shearer's
Skype's
snorkel
soundly
souring
spoonerisms
spottier
squadrons
summations
Swahili
SWAT
swiftest
tocsins
toque
Tunisian
tweaks
unlaced
utopias
vulgarity
workhouses
