Achaean's
anesthetizes
atmospheric
Bakunin's
Beirut's
belligerence's
Benz
binocular
blinkered
bloodmobile
bloodshed's
breastplates
catting
centime's
Chance
cobalt's
conveying
craw
crinklier
Cruikshank
crunch's
cunning's
demonstrable
Diaspora
dory
drumstick's
earthling
escutcheon
essayist's
facilitation
frosted
fully
furbelow's
gaberdine
hamstring
handmade
Hardin's
Heyerdahl
hickey
histrionics's
hoodlum's
hosts
hyperventilate
incompetence
intended's
labor's
loathed
lobbyist
manes
marmosets
messily
Mulder
Murmansk
narcotics
nearsighted
ocher
online
orient's
plaintively
playboys
pleasurable
plumpness
polarities
pot
prank's
premised
prologs
prophecy
quantified
quartets
radioactivity's
redundantly
regency
represents
Ringling
rush
samovars
satires
screenplay's
Sec
settle
sexes
skiing
slowness
smuggler's
snigger
solicitude's
sols
stagehands
Stalinist's
stump's
subtrahend's
sups
sylvan
teach
uncorrelated
underwear
Updike
upset
walkouts
