abductor
accidental's
accompanists
acetate's
adviser
Anaxagoras
Anibal's
Ats
awfuller
balladeer
banishes
basis's
beats
bellyful
Belmont's
Benin's
bologna
Calexico
Canopus's
chicle
circulates
classifieds
coherently
coils
colds
Collin's
commodores
corralling
cummerbunds
dandy's
decline
defecation's
detachment
dirigibles
disarmament
distrust's
dumped
echos
effectuating
Elmo's
emboss
espionage
eugenics
gangrening
grouchiness
guppies
guru's
handful's
HBase's
hive's
Holiday's
ideologist
immunology
impenetrability
implausible
insectivore
Judas's
kelp's
Kenya's
leukemia
liquidizing
main's
mated
mathematician
metaphysics
minster
mortifies
myriad's
Naziism's
overemphasizes
peasantry
platefuls
pulpiest
regexp
rolled
Ryan
sailors
sass
saunter's
school
scullion
shell
skittered
spas
sprightlier
stint's
strangled
stripe
suggestible
swaggers
sweating
thorny
townsman's
Tsimshian
typifies
uncultivated
vend
waistband
Wesley
whence
