above's
accumulating
addendum
assassination
assholes
bootleg's
brighter
bullets
buttock's
Cash's
changeovers
chicanery's
chyron
clarifies
cloy
Copenhagen's
cushions
darned
dead
Decatur's
dinginess's
dismantled
doohickey's
downswing's
dryness's
Elnora
emendation's
ennoble
entrepreneur's
equips
excavator's
exciting
fair's
firmness
forerunner
Giuseppe
graphologists
heinously
hooves
inalienable
inclement
inequality's
infidelity's
insectivore's
Jeep's
joyous
kilo
Kristine's
Lilith
lira's
loan
mausoleum
Menander's
milliner's
misrepresenting
mountains
MySpace's
Pascals
pastiest
Pillsbury
pockets
Prometheus
protectorate
pullout's
purgative's
purport
quadrennial
radiate
Randal
reissue
residences
reverend
routine's
sacristans
scads
scampers
seemlier
shipwrecked
shredder
smoothy
soldiered
Sontag
spectators
spirally
superstar's
surfeits
Togo's
tourist's
trails
traits
underexpose
underhanded
versatile
Voyager's
vulcanized
vulnerability
wainscotting's
wondrously
Xerox
Yalu's
