Abernathy
achromatic
aeons
afire
Allentown's
ambiguity's
arch
archangel
babysitters
ballasting
beauteous
bookmaker's
butteriest
caloric
capitalize
captive's
chunk's
concepts
couches
credulity
Darwinism
discomposure's
disinterring
Doug's
etching's
experimented
expiring
Fahrenheit's
feigning
garrison's
governed
grabber
groan's
Guernsey's
headbands
hinge
hoedown
hulling
incrimination's
inexhaustibly
inflationary
intrinsically
Isabel
Jenner
jockeys
Josefa
judges
kneeing
labyrinthine
Lancelot's
Lane
linnet's
look's
Mahayanist's
maraca's
merchandizes
Mfume
moralist
nickelodeons
oiliness
paint's
perspectives
phototypesetting
pilot
prompt's
pumice's
quadrature
redwood's
regular
rerouted
resulting
revelation
revolts
rhapsodize
rudders
scepter's
Scheherazade's
septet's
settler
Sinclair's
sitting
smartwatches
solving
spieled
sportive
stowing
subjugation's
submitted
tenets
thirteenth
thrasher's
totalitarian's
underwrote
undulant
vulgarization's
warbler's
Ware
watercolors
whimsicality
Whistler's
