accumulations
advisedly
agnosticism's
alliteration's
Andromeda
apportionment's
aqueduct's
artifice
Asturias's
Atalanta
attainment's
Attila's
backer's
Bali
bandier
barefaced
basal
Bathsheba's
buckwheat's
bustled
caliber
canvass's
casket
chuckhole
cloverleaf's
coffeehouse
colossus
Compaq
concubine's
dangers
detests
deviants
dimwitted
dowses
Dreyfus's
Druid
effervescence's
Ehrenberg's
Elliott's
empathy's
endwise
Erma's
Farmer
flintlock
forgery
fratricides
frostings
fustiest
gen
Hispaniola's
incinerates
ineligibility
integrator
interne
ionization
irrigation
Jeff
knots
leanest
legibility
liking's
maddest
malt
Marlene
Marseilles
Marva
mattock's
Nevada's
Ola
old's
pain
porringer's
pulse
railroad's
rapid's
reenacted
refocus
Rosemarie's
sackcloth
sedimentation
Shell
smacked
smugger
soaking
softeners
spottier
storerooms
succumb
Taliesin
Terkel
thyme
tinsmith's
tipplers
tomahawk
traverse's
triplet's
unconsidered
wharfs
Winifred
yeastier
