adequacy
Amado's
apostolic
appreciable
Araguaya's
armature
awakes
beautifies
beefed
bicepses
bismuth's
bookshelves
Brigadoon's
bullfinches
bureau's
Capek's
cartoons
ceasing
cigarette's
clamped
closing
crocodiles
dampen
devoid
doled
Donovan's
employments
enjoining
ensues
eviller
fest
fixer's
foolishness's
forsaking
Genoa's
girts
Goff's
gravy
gunny's
Hammond's
hardiness's
helix
Hershey
hustle's
idiosyncrasy's
Imus
ioctl
irritations
ladybird
lagniappes
Layamon
letdown
licorice
Lorie's
Manning
marks
martyr's
McGowan's
mispronounced
Mitsubishi
mortgages
Mouton's
mulberry
naps
Nerf
nickel
offal
orated
overextending
Paleocene's
Panmunjom's
peninsular
perfume's
pettier
privileges
psychologists
Puritanism
report
resonated
rubier
Russel
Russo's
semimonthly
serious
Severn
shame's
sharecropper's
shorten
slake
sloped
snorkeler
specced
stopwatches
strainer's
sturdiness's
taxidermists
Trappist
undercarriages
Ute
woodpecker's
