acerbic
Aggie
antagonistic
asserted
beret
blaming
blaze
Bolivar
bowers
calibrator's
centuries
cinch
circumvented
Clytemnestra
communions
Curtis
cuss
deserting
diff
disconnecting
disinter
dram
Elton
embellished
emcee
endways
faculty
folklore's
forecastles
haemorrhage
handsful
hardheadedly
Hovhaness
HS
hulks
hurricanes
infinitive's
intuitively
Lang
largesse's
Larsen
laurel's
lecher's
Lincoln's
lusciously
McHenry
Micawber
motormouths
Nelson's
next's
noddy
noodle's
nosebleeds
obsidian's
orgy
Orin's
overtones
palmettoes
palomino
phantasm
placard
Pollock's
primogeniture's
prods
Puritanisms
quoit
raising
reorg
resupply
Reuther
Rhoda's
Seward's
sextants
sideboard
signaling
slipcover
smocks
smoke's
smudges
Susan
tam
tension's
topping
traumatize
treaties
tyrannosaur
undercurrent
uneasier
unhesitatingly
untenable
viewfinders
voltages
wallboard
Washingtonians
waterproofing
waxwing
wedder
whooshes
Winnie's
zapper
