accomplices
admixtures
aerators
antedated
arpeggio's
aster's
automate
barrener
bearing's
bigamist's
bludgeoned
captivates
Carlsbad's
carted
censoring
chitlings's
chop
clanging
Coltrane's
cutout
dance's
decriminalization's
default
Delmer's
Djakarta's
dominion's
droller
erecting
evermore
Flintstones
frat's
G
greyhounds
hassock's
heartstrings's
Holocene
homey's
humidor's
hysterical
incidental's
inefficiently
inkiest
Irving
jangle
joules
joyousness's
jumpiness
knack
lacerates
Lutheran's
luxuriance
mandolin's
masochistic
matchbox's
Mesopotamia
methought
monument's
mullions
naturalness's
offerings
outspreads
Patricia
Pelee
pirouette's
reemphasizes
refugee
reservation
retouching
revolutionary's
rheostat's
Robbins
rodeos
roses
Rufus
sassafrases
Segundo
serving's
slimmest
spellchecker's
Sperry's
sprockets
strangler's
swim's
tact
taproots
temper's
thesis's
Thomism
timbre's
tinsels
tractors
Tulsidas
understandably
unidentifiable
upsurge's
where's
woolgathering's
workaholics
yard
zebu's
