absconds
acknowledge
act
asphyxiate
balsams
befoul
biographies
blowers
bolas
Bradford's
cautiousness's
chauvinism's
compensated
concurrence
condoes
Creoles
daydreamt
doggies
dromedary's
earthier
elongates
endlessness's
fulls
Gina
Goliath's
hallelujahs
Hamhung
hawker's
heartbreaking
hedges
hooks
horrendously
Huguenot
Hydra's
insupportable
interviewees
invigoration's
javelins
Johnathan
Johnston
Kurtis
lacquers
lantern
lavish
Lemaitre's
liquefied
liven
Lynette's
mackerel
markups
militants
Molotov
morally
Mrs
Mycenaean
Nash's
Navajo
nightshirt
onset's
papayas
pastry's
patent's
peevish
personalize
poetic
potholder's
Punjabi
Quaker
rationalize
realm
reasons
risked
rough's
Sabik's
Sammie's
scolloped
seamstress's
senselessness's
socialites
spar
spearhead
storybooks
system's
tales
tangle
textually
Thessalonian
toothbrush's
toxicologists
troglodytes
turnout
upholsters
utilization
viols
w
westerly's
whalebone's
whimper's
woodland
yeah
