acquire
AFAIK
Agrippina's
Aldo's
anuses
apps
astronaut's
atonal
augustest
automation's
balminess
balm's
Banting's
Beaumont's
begged
bittern
blindsiding
bondsman's
canal's
casting's
celestas
chewer's
Chihuahua
closure
colloquialism's
dilapidated
doorknob
dozing
Elwood's
emo's
envied
erectness's
Esq's
fathomless
foreman
fresco's
fried
gabardine
Indonesia
Indore's
inherit
intercept's
Irma
Jericho
jetties
juggled
kale's
Kelsey's
kettle's
knotted
Left
Loewi's
Luxembourger's
magnificence
medicate
melanges
ministry's
minuteman's
murderesses
murdering
narrative
navigability
neckerchief
netbook's
nickelodeons
OHSA's
packet
Panasonic's
pantyhose's
physicists
potatoes
protections
pulsation's
pump
Quayle's
reinvest
Rukeyser
sanatoria
solitaire's
sopped
Stimson's
storybook
tactical
tense
thankfully
therapy
thermoses
Toby's
transporter's
tulip
umbel's
untied
vanquishing
Vietnamese's
wastepaper's
waywardly
whirlpool
Whitman's
wideness
wineglass
