adolescent's
advancement
afterbirths
Angelica
Armagnac
bankrolled
bark's
blossoming
bun's
bursitis's
byproduct
caulks
Chesterfield's
choker
clogs
colonialism's
commissary's
creator's
crosier
curvaceous
dalliances
deemed
defendant's
devoutest
diabolic
divvied
draftsmanship
drone's
drying
eavesdrop
emissaries
escalation's
faithfulness's
features
Florida's
freestyle
fugitives
godhood's
Gorgas
grafter's
groggier
Helen's
Hf
honeysuckle's
icing
incontrovertibly
incurs
inferior
insulted
Joy's
Klee's
knackwursts
lacerated
Leander
lecture
liners
loquacity
luminosity
lupine
maneuverability's
Mbini
memberships
military's
minimalists
mistook
motivators
Nahum's
Naismith
Nathan's
odder
offline
overcharges
panderers
parting's
peacock's
pinkeye's
pricier
pupil's
radon's
reappearance
rebates
repeaters
retraces
Rollins's
scrapbooks
sedately
seeings
southerlies
spumone
squeaked
stumbles
swam
tad's
tarpaulins
threat's
UCLA
warder
whine's
wombats
Zambians
