achier
adjustable
amphitheatres
Anglicanism's
appease
approves
Arron's
attention
backtrack
barbeques
baronets
Bates
beaching
bearer
biopsy's
Bowery
boysenberry's
buzzard
casing
cleanups
cleaver
cloche's
Cobain
concurs
Crosby's
crudités
Danelaw's
demilitarize
dependability
Dominic
droned
drys
dustpan
dynamically
eloquence's
empirical
engrosses
Epimethius's
Eumenides
exchanges
fatalist's
gauche
glamorized
glazes
Goiania's
gossamer's
Gross's
harridan
hysteria
Ignacio
intersecting
intranet
jazziest
Judas's
keyboarder
kinfolk
marathon's
Milquetoast
moonlights
MSG
mumble's
nodules
nontoxic
NyQuil
Orestes
papoose's
participant's
piccolo's
Plautus's
priestess
primates
Randolph
rectifies
restaurant's
revenging
Rhea's
sachet
sandalwood
sauna
Shiloh
shuffleboard
snowing
stairwell's
Stockholm
stubborn
suit's
swirl
tableware's
telekinesis's
threatens
tortoise
tortures
trendy's
trustworthy
unpainted
USN
vicar's
wantonness
wearer's
whoopees
