allegro
Angel
Anna's
anybody's
AWS's
bacteriologist's
bar
bloomed
brusque
bubbles
burring
chino
comforter
confining
constitutions
conveniently
coolly
Costco
Creation's
Danville
d'Arezzo's
depend
dices
dress
droopy
elastic's
federated
firepower's
flatness's
functioned
garlands
Glenda
herbage
huckstering
illustrator
interaction's
Jimmie
justify
knuckleheads
lengthiest
liking
lorries
Magdalene's
meagerly
millimeters
Modesto
mortice
Negroes
nipped
numismatist's
obsidian
OS
oversharing
oxidizer
paths
performing
poisoners
present's
preterite's
prowler's
prying
pureed
purpose
redistributing
retrieve
Rhineland
Rodriguez
sacrileges
Sakai's
SAP
selfishness
Senegalese's
sequel
Sloan
sniffle
sophistication's
steadfastly
steams
steerage's
stout
styles
suffragist
telecommuting
toastmaster
tribute's
troubled
undefined
underplaying
uplifted
Venezuela
violists
vodka's
voids
warier
Wells's
Whigs
Whitefield
wight
woodcarving's
wrecker's
