abscessing
Adam's
adherent
Allstate
angleworm
atrocities
Avernus
basil
bastions
beefs
Best's
Bloomfield
cents
cognizance
common's
compile
consecutive
coxcomb
crawls
Decca
declines
dignity
diocese
dispirited
disquisition's
emulsification
enables
fanny's
fizziest
flakes
flashbulb's
gingham's
glue
Goldman
guardrooms
guesses
hedgerow's
Hyde's
indecency
intransigents
islands
jade's
jodhpurs's
Karenina's
laborer's
lambing
lawfulness's
logarithmic
Loren's
Magog
Marc's
mashers
May's
Mellon
militarists
mimeograph
monetarism
mow's
nadir's
necks
OPEC's
orthopedics
outspreads
parapsychology's
peek's
phrasing
piecing
pluralism's
poised
quadruped's
quarterbacks
Rasalgethi's
recitation's
revolutions
rheostats
rococo's
Sabbath
sailing
screeched
scuff
seclusive
sidetracks
skittering
slovenly
softball's
soughed
specialty
straightjackets
sundries
supplies
syllogism's
tamarinds
taxed
tech's
Terrance's
Thoth
traitor
undocumented
wackier
zeppelin's
