admin
Alexei
Archean's
archery's
auditor's
Baluchistan
become
betrays
Bjork's
blackish
blowguns
bookstore
Brailles
Briggs's
Brinkley's
carnival
cavalcade
Chennai's
CPR
crosswalks
derided
dings
disallows
eBay's
elisions
empathy's
error's
exhales
exists
expressionism's
exterior's
fashioning
feat's
floppy
flout's
fourth
harm's
heritages
hilariously
Hooker
Hooper's
hosteler
inadvisable
intellectualized
Joule's
Jurassic's
learns
lemming
lousiest
Mabel
measured
multilingual
mummies
new
nocturnal
noggin
northeast
nuzzled
oafs
obliteration
outgrown
Paleozoic
patronizing
pedestrians
petitions
plenary
Potomac's
psychobabble's
rasp's
retyping
revalue
revery's
rimmed
riveted
rubble
rumbles
sebaceous
Segovia
settle
shoeshines
sirloin's
skyscrapers
snafu's
step's
stripped
stylize
subjecting
supple
swindlers
tandem's
termination's
text
ti
transgressions
underline's
valedictory
Veronese's
visitors
washerwoman's
Wellington
