absolutes
activated
adamant
advisor's
aggressive
air's
AMA
amelioration
anaesthesia's
angel's
announced
antlered
asininity's
bandannas
blurb
brilliancy's
Brut's
chattel
chemical
commune
contingent's
countermanding
Creek's
demobilizing
diagnosis's
diamond's
disallowing
disorientation
disruption
draftees
eked
embezzlers
encountering
enticed
execution
exemplify
fantastic
fetched
fingerprinting
firewood
flimsiness's
format
fragrances
frailty's
freeloading
Grammy
grottos
harvester's
heavenliest
hostelry
hotly
indorses
inhumanly
instrumentality's
invoicing
joyrider
jukeboxes
kahuna
Labrador
later
Lilia's
madwomen
mattress's
McIntosh
misadventure
morphine's
narc's
nooses
outrider
personage
pilau
politeness's
practicable
preppy
pupil
raglan's
refuted
relishing
screenplay's
selectman's
sheathed
skepticism's
smarted
soldered
sometime
span's
styluses
suckled
sugarless
surge
Tallchief's
tank's
teams
tobacco
Tsitsihar
unhappiness's
vaster
wiring
worldly
yodellers
