adjutants
Alamogordo
Anabel's
Antietam's
babushka's
Baptists
Brenner's
bumpkins
Byronic
carts
Cash
Cesar
changing
churlishly
churn's
Clarke's
cleanlier
commercials
consorts
Deann
debased
demigod
depending
discretionary
documented
douse
e
excrete
fashionistas
flatterer
Fletcher's
forearm's
fringing
gabbles
giggle's
glinted
glory
goal's
God
headlight
hiccough
hods
honeydews
hostels
hugely
intercept's
Iqbal
japan
Joseph's
leaving
Lovecraft
lumpier
malediction's
Marguerite's
Maryanne
mastectomy's
militating
Moira
mole's
Mozilla
mummification
nauseated
Neapolitan's
outage's
overripe's
paucity's
pharmacologist's
phrased
plated
plotters
prevented
pus's
recopying
regressions
remitted
reprehensible
request's
Robert's
scaffold
Serbia
shallows
Shankara
shooting's
sprees
sterilization
stymie
subjugate
successful
sunbeam
swatting
tackler
tobaccoes
travesty
tropical
Unitarians
urea's
watcher
wheelbase's
WMD
Yerkes's
