Afrikaans's
AI
amazement
apprehends
attractively
benefactress's
Bigfoot's
breathable
buried
bush
calculus's
canonizations
carjacks
celebration's
chaser
chatters
conquistadores
cozen
cramped
Cromwellian
Cross's
dampers
dominion
encumber
exorcisms
Farrakhan's
Farrow
faultier
flashbulb
folios
fork's
Fredric
garnered
Grenadines
grizzled
Hines's
ices
ideologist
insoluble
intercede
intravenous
itchiness
jump
Katelyn
kebob
Kinsey
largess's
leaflet's
littoral
load's
loons
lupine's
mar
mashups
mines
moonstones
mushroom's
Nelsen
Noelle
onyx
orbit's
ostracizes
overspend
overusing
paternal
Pele
poulticing
relaxation's
renovation
reviewers
sanctity's
screen
scribbles
securer
serenest
sharpened
sillier
singles's
slingshot
smelt
Southey's
Stanton's
teazels
theorizing
tidying
Tito's
Toledos
tonal
transducers
Trotsky's
Trumbull
uninhabited
virgins
washable
whinier
Willis's
windfall's
woodsier
yearling's
zeal's
