acknowledgement
afterburner
alternative
amorously
anatomies
archivist's
assault
asshole
Barney's
Beauvoir's
beginners
bight
Brahe
Capetian's
collage's
Colon
commentating
considering
Crimean
crummiest
cuticles
damper
deregulation's
disrepute's
dotted
dragoons
drainer
emanation's
evacuation's
fossil's
fussed
gamier
Gary's
gayness's
Goff
grappled
grossing
Gutierrez
handiwork's
hardtop's
Harley
harmlessness
heartbeats
hiatuses
homeroom's
housecoat's
humanism's
hysteria
implementation
insider's
inspiration's
invariables
inverse's
Lamaze's
laughing
learning
manhole's
Messerschmidt
midsummer's
mollycoddle's
Monsanto's
moronic
mudslinger's
mumble
perhaps
pips
popularizes
project
promiscuous
punishment
rathskellers
reordering
righteously
rotor's
rotunda's
sachet's
scopes
Secretariat's
shearers
shorthorn
shrewdly
silhouette
spinach
squeezed
starry
surfacing
sycophantic
tautology
terrorized
tertiary
treason's
trench's
vexes
Visakhapatnam's
waterbeds
westwards
winners
wire
Wyeth
zinnias
