agglomerated
Agra
animations
animator's
bearable
beneath
brogue's
cacophony
cadenzas
Cagney's
Campos
circumflex's
cloister
commanders
conductors
constructively
curliness
Daisy's
debauches
dependent
dishwater
dismal
Doha's
donations
downloadable
Dracula
dribbler
exemplar's
exhaust's
fangs
fiduciary
finally
garters
Gog's
hibernated
Howell
imitating
individualize
indulgence
insight
integrating
interviewees
Jarrett
jerkier
Knuths
Kr's
lackluster
lamebrain
leathery
logarithmic
machismo's
mayo
Micronesia
mobility
newspaper's
notified
Olenek's
overbalancing
oversaw
pastorate's
perch
petrified
philter
phonic
piteous
pointier
preheats
prejudicing
price's
recycle's
resist's
retiring
revelations
Sagan's
skateboarded
software's
spittle's
starlings
strength
suavity's
subject's
suffocation's
swords
tattooist
taxis
terminal
tirades
tonne's
tyro
unconventionally
unilateral
unlaced
unmannerly
untangles
varied
voice
warthog's
windlass
wire's
Yoruba's
