alohas
amenity's
Appomattox
bankroll
bathtub
blvd
Bostonian
Camus
cawed
Chandrasekhar's
channeling
chinos
Claudia's
conditions
conduct
confided
cyclonic
Davao's
digest
disregards
domains
doodad's
dyers
eggs
employable
environs's
ermines
esteemed
exposition's
fleeing
foreground
frivolity's
furtherance's
fuzzier
genocide's
hardier
holier
hometown's
hysterically
info's
ingrained
injustice
jars
lamppost's
languors
latch
leached
lights
likelihood
malnutrition
Mason's
melodies
Merle
misogynistic
molasses
muses
Nicholson
nitroglycerine's
Nunez
ombudsmen
optioning
Orlon
others
outsourced
overcoat
oxyacetylene's
peccaries
phenotype
phosphorescence's
pipped
Portsmouth
pose
quadruped's
quiz
rapaciousness's
rents
rightest
rowboat's
scheme
scrounge
shakeup
shuffled
sonority's
sot's
sportswomen
steal's
straights
stutterer's
tatty
Ted
timetable's
tux's
umping
unrepeatable
vertebrae
Visayans
Ward
Wood
worthily
yore
