Abbott's
abstruse
appositives
awkwardly
Bernini
birthstone
blesses
blob
brittle
bunker's
carport
childcare
chimaera
crisp
curvature
Delgado
derails
dipsomaniacs
dishtowel
dominated
dowsing
dumpy
Ebola's
enquired
ergonomics's
eventualities
explosiveness
fallow's
forgetful
frontispiece's
gay
gnash's
gnu
Google
gristly
handheld
hearsay's
Hegel's
Hogan's
homemade
Hyderabad
indulgence's
insistence's
Ishim
Jason's
LED's
levelness
licorice's
lithographer
loftier
Mahavira
milligrams
ostentation's
osteopathy
owl's
paprika
patsies
percentage's
Philadelphia's
Phyllis's
pillbox
pilot's
pluses
portending
Potts's
primates
proscenium's
ptomaines
recital's
reconnaissance
relearning
reported
rightfully
rompers
saving
scornful
serendipity's
sibyl's
skim's
skunks
slick
sneaked
sociologists
soporifics
stretchier
subpoenaing
superconductor's
tandem's
tardily
tarpaulins
teammates
transcription
trisect
turret
Uniontown
violence's
whatnot
withers
wordplay's
Zara's
