acutes
advert
anodyne
backslide
balds
balsa's
beekeeping's
Berry's
boles
Bolivians
breaths
Cauchy
cawed
commodores
contemporary
contuse
countdown
deescalated
destroys
diagram's
dills
dodgiest
evidence's
falloff's
fattiest
fiddle's
Flaubert's
flunkie's
fundamentalist
GB
glutton's
hesitation
hire
hobnails
humors
ignorant
immortalizing
imperatives
imperfectly
italicizes
jockstrap
juice's
Kevlar's
Krakow's
Lapps
Leanna
locker's
Lyell
majored
maniac's
mashing
maypole
mien's
mouses
Netherlands's
nominatives
occupies
overcompensation's
painless
parable
petroleum
pettifogging
pianofortes
pistols
plotter
polystyrene
poverty
preoccupation's
prerogative's
presupposes
pretext
propositional
Ptah's
Ptolemaic's
published
puppy
quarantining
quietus
readmit
refutation's
resets
Roeg
roommate
segued
Seymour's
Spenser's
Spitz
sulfuric
superimposing
Svengali's
swindling
talc's
thickets
Tina
trillionth's
tyrant's
whereon
wildfires
woodcraft's
worsted's
