additions
adjustable
affairs
agar
Americanism
ascribe
avocado's
bestiary
bigwig's
blat
braggarts
breezy
cacophony
calculable
catwalks
cavalry's
chairperson
characteristics
clouts
cobbles
colic
comestible's
confetti
Desdemona's
despondency
dimwit's
dirtying
Doe's
dumpling's
dunging
ECMAScript's
enigmas
expiry
fireproofs
forthcoming
funk
garrisoned
gentile's
gilt
handiness
hoaxers
incentive's
infused
interrupted
Kaitlin
Kilroy's
kimono's
leavings's
Leslie
linefeed
logarithmic
lubes
lunchrooms
MEGO
morass
Munch
Nev
nine
nonpluses
okras
opposes
outlet
pagan's
palm's
Penn's
perilled
pizazz's
placates
Pocahontas's
Prada's
proportion's
Rayleigh's
Re
result
roughage's
scalawags
scullion's
Sep
sin's
sinusitis
snowfalls
sponsored
standardization
stonework
stupefaction's
stupor
swagger's
teaser
telepathy's
territory
thirstiest
thumbtack
tighten
topically
topknot's
towels
uncluttered
vanned
vengeance
zips
