adjures
adz
agreements
airspace's
antiquing
Astaire
attenuates
Bennett's
bewitched
blending
brides
caroused
carouse's
cherubs
chignons
cilia
circular's
classless
compulsion's
conifers
cosmetic's
daguerreotyped
daybed
decimation's
dilapidation's
disenchant
doormen
ecliptic
elderberry's
eliminate
entreated
envelop
enzymes
epidermis
Ethelred's
fable's
fallowed
forage's
freehold
fuddling
garnets
gassy
graduate
gravely
harbors
Hitlers
howitzers
humaner
insomniac's
interconnections
intrinsic
invertebrate
Iraq's
Janna's
landmasses
Lapps
lawlessly
lazed
Li
Limoges
lopsidedly
MacLeish
main's
mare
Mario's
Mattel
meatball
Normandy
nostalgia
orgasm's
pectin's
pimiento
plasma
preconditioned
prodigies
rebuttal
Sagan
sedition's
sparkle
sponsorship
staler
stopcocks
sugared
swaddles
sway's
sweeping
tailgate's
thence
thraldom
thrusting
trig's
trotting
unity's
views
wack's
Weston's
Winchell
workplaces
Yangtze's
zebra's
