Achernar
admonishment
advancement
Aleppo
anapest's
antiquary
antitoxins
archetype
Armenian
azure's
Bacall
Baldwin's
brainteaser's
Britisher
Cesar's
chaises
clamminess's
compiler
consent's
consort's
dd
designation
dethrone
discharges
disfavor
duplicates
elation's
Englishman's
entrances
equability
Ernestine
externals
Felix
fifties
finisher's
Forester's
Gentoo's
Goebbels's
Graffias's
hawing
headlock's
Homer's
Hussein
jounce
KGB
Layamon
lifework's
looney
maharishi
Mann
maternal
mercurial
milliliter's
Moore
Mormon's
mountaintop
multifaceted
multitask
Nevadans
nocturnal
outdated
outpouring
overlapped
pact's
papyruses
paternalism
Percheron's
pleasantry's
politest
predisposed
prepays
Princeton's
reactive
reducing
refrigerated
relabeling
resets
resorting
salesperson
scram
scrimping
shrivelling
spotted
Stafford's
sublimated
Talleyrand's
tasseling
Ticonderoga
Tomsk's
tormenting
torment's
uncle
vends
vocational
vocations
wavelength
webisode
wiliest
wrinkliest
xenophobic
