aardvark
abrading
acacias
alternating
aristocrat's
ashiest
astrophysics
autograph's
bourgeoisie's
broadloom's
bully
bursted
cackling
calculus
carets
chime
cliques
closet
countdown
Danial's
deeper
demoting
departures
deviant's
Devon's
dispossession
ditties
Easts
engrosses
entrance's
establishes
fanatics
floored
fortunes
franchising
fricasseed
Ginny
goalpost's
Goethals's
governable
grimacing
gunrunner's
heartlessness's
Hecuba's
heehawing
helpfully
hemlines
Hollerith's
illegitimate
inaccuracies
incorrect
insistence's
intermezzo's
jealousy's
Jerrod's
jests
keynotes
kingdoms
languid
laundry
lops
Luann's
Lubumbashi's
Mallory's
mismatch
modifier's
mods
Nile
oppresses
playboy
porringers
portcullis's
preview's
prophecy's
quite
refilled
resonating
retrofitting
Rowe's
sandbanks
Saundra's
shooting's
sixtieths
smokehouse's
Stimson's
strangely
strongboxes
supervened
swaths
synthesized
tercentenaries
Teutonic's
tyrannosaurus
upbringings
Villa
violator's
waling
Wilkes
woman's
Zambezi's
