aching
Adelaide's
alleging
archbishops
Atahualpa
atrophying
averaging
Bakelite
Barents
befuddles
Benz
betaking
birthrights
bogon
Bremen
capture's
cassock
channelling
clan
compunction
consumptive
conversing
crèche's
crow's
crusted
Davenport's
deadlock's
decrescendo's
dedicates
derogates
describes
digest
electroencephalograph
enforcers
equitably
Fargo's
Garner
geometer
goldsmiths
greatly
Guerra
Hammett's
harvester's
hurry's
ICBMs
implicitly
interlocks
internationalizing
interne
jacks
laser's
liberators
lisps
liven
locus
lunacies
madcap
Mali's
Mark's
mat's
Mauryan's
Montoya's
nervelessly
nutriment
opener
Pa
palimpsest's
pars
pawns
permed
perorations
pines
pinhead
Reunion
reverencing
Riviera
rooster
salads
satchels
scuffs
separable
smooth
snobbery
Sol
Somalians
sophomore's
splinting
stropped
superstar
tableaux
tailwinds
Telemachus
Tuscarora
vanished
vulvae
west
wheelbarrow
whipped
withholds
Zions
