acrimony
aliases
altimeter's
Amritsar's
Aubrey
bagel's
bank
Bannister
barrooms
bastions
betrays
blunderbuss
budgeted
butlers
cannonballs
Champaign
codependency's
competition's
consorting
contusion
convergence's
crutches
detonating
disinterring
dismay's
doctrinaires
Dumbo's
earnings's
endangering
exploits
Faith's
Fiat
fishtailing
foxhound's
friendliness's
ganglier
garners
Gaul's
geopolitical
greater
Hurley's
idler's
imploded
incendiary
intercession's
kennelled
Layla's
LBJ's
liniments
Linux
lionesses
liturgy
maniac
Marcelo's
Medici's
merchandise
meta
Methodisms
Mfume
NATO's
nigh
outnumbered
oxbow's
Pekineses
perigees
policy's
pursed
RayBan
reamed
reclaims
recovering
rounding
rubbish's
Samsung
Sandoval's
semicircle
sewed
slickest
Slocum's
solace
statesman's
Stimson
sublease
summer's
Swaziland
system
tamp
Tampax
tawdriest
tenderized
tightness's
Timbuktu
trapeze's
trappings's
unaccountably
update
vaulters
welch
wince
wrong's
