Acevedo
adorn
advancement
affrays
antidote
antiquarians
apex's
appetites
armhole's
Assyria
auguries
behest
billet
blubbers
Booth's
bowlder
bucket
cannier
carouse's
Cerberus
Chan
clan
commonwealths
companions
computations
concise
concocted
contrail
cools
countermanding
deans
DECs
diagrammatic
disenfranchised
effervesces
effulgent
engineered
eternity
evaporation
fifty
finishers
flashiest
fobs
footman
gazebo's
gritted
grocery's
Grosz's
hailstones
hairline's
hanging
Hofstadter's
hookahs
Ingram's
irascibility's
Leila's
logotype
lousy
Macedonia
mainstays
mandrakes
mishaps
mixing
molded
Multics
nonconductor's
nuder
nymphomaniac's
oratorios
painfuller
patrolwoman
Patti's
pediatrician
plan
remarries
scollop's
Seagram's
sets
Shaffer's
sidelines
someday
South's
southward's
spoof
supervisor's
Suzhou
syllable's
tabloid
taint's
thorougher
Tintoretto
titan's
trailing
Tull
unclassified
untamed
vituperates
Wayne
Weddell
wider
