Acadia's
alas
altos
angina's
apologetic
arrogating
Ashkhabad's
Atlas
authoring
averred
blinder
Blvd
boobed
Boolean
brazier's
busily
canvased
Capricorn
cardboard
cardio
Cauchy's
constituent's
contender's
crisscrossing
deliciously
dignitaries
doddered
feckless
fighter
Ge
Gipsy's
Gomorrah
grab's
grouper's
Harrington
humans
iconoclasts
imagining
inoculations
insinuates
intellectualizes
inviolability's
Japan
Kelsey
Landon's
lathing
leached
leaf
lean's
lifesaving
lurk
Mahler's
mailer's
Maria's
massages
me
microbes
milfs
monetized
motto's
mumps
Ocala
overflow
Pascals
plainclothes
Plutarch
prairies
presumes
prophet
publisher
reclaiming
repossessing
returnee
revivalists
revolver
Sakhalin's
Schumpeter
segregate
semiprivate
serpentine's
sieves
sneaks
sported
squatter's
Stein
Sukkoth's
Suzuki
swollen
tarry
TELNET
tennis's
throng
turnout's
unstable
untidiest
webbing's
Wilfred
Williamson
wished
woollier
