accumulation's
acquirable
activist's
afforesting
amused
application
artery
Assad
blazing
brooder
Burberry's
Chamberlain
chimp
Col
cornstarch
craftsmen
curvatures
cutoff's
dancer's
dealers
derringers
disrespectful
Dooley's
downtown
duration
entertaining's
Ewing's
facile
fort's
Galileo's
Ghent's
Gide's
glossaries
gristly
gymnast
heir's
hoodwinks
hording
hostels
immortalized
incomprehensibly
indicator
infectiousness
Kropotkin
ledger
lily's
Lon's
Lynne's
mealy
meanders
methanol's
moms
Montanan's
musketeer's
nationally
neurotic
neurotics
nonmember
Ortega's
Pakistan's
passbook
pedicured
perusal's
phonographs
phosphorescence
pistil's
pkg
postgraduate
PowerPoint's
propaganda's
quicken
rage
Rankine
raspy
reapportionment's
ricksha
Robyn
scalar
Scandinavian
schmuck's
Scorpius
Scrabble
sextet's
Sharp's
Sherwood's
Singer's
skipped
slings
strands
summertime
termagant's
Timex's
trembled
tubeless's
upholster
Vanderbilt's
verbose
Walsh's
wardens
windlass's
