ageless
aggrandize
ambitiousness
ammonia
antibody
applicable
argument
asphyxiates
Barbuda's
barrows
bathmat's
beguiled
belittles
Bernstein
birthrate's
blamed
brassy
broads
cannonballs
chaotically
Cimabue
claimant's
closeness's
commendation's
corrugation's
cottages
Cowley
crayons
cured
depilatory's
diggers
disbursement's
dub
emetic
escorting
Fates's
FDR's
female
fizz's
Fm's
foresail's
freebie's
glibber
G's
gymnastics's
Hadoop
Heinrich's
indivisibility's
jellies
Jenner
jinns
Kissimmee
kudzus
ladder's
Lego
liaises
liberalization's
Maronite's
misappropriations
Murphy
musketeers
native's
net
numerating
ophthalmology's
palpitation
papilla
Paris
popularly
postmistress's
postscripts
premised
profane
prosceniums
puss
racing's
raffia's
rebuff
rectangles
riposting
runaways
sanitary
sarong's
servants
Singleton's
snooker
sociability
sources
squint
stickup
swung
syndication's
terminology's
thistles
thunderously
unflappable
upchuck
vacancy
wages
Wanda
