abdications
accusative's
admen
ambiences
anneal
antisocial
Armageddon
asperities
atheism
Aurora
beware
bleats
blondness
blue's
brusque
calipers
changes
Clifford's
clinch
clobber's
comics
commiserations
competent
contrary's
cowpoke
decorum's
defrayed
disclosure's
dismembers
dollar
drills
edits
eighteenth's
enameled
epidemiology's
equality's
exclaims
explications
extort
fable
Gallic's
gambles
ghostliest
grandiloquence
grandstand
gulled
Gwen's
hearsay
heedlessness
Hefner's
hoodies
hormone's
huffing
hyperspace
kindness
ladies
latitudinal
laughed
lithosphere's
Lysistrata's
manual's
misfit
Mithridates's
Modesto
moratoria
navigate
newsprint
nippy
numb
obliquely
organ
organize
Pasco
perspectives
physicals
poems
predicative
priory's
propagandist's
purees
reimpose
reputably
restructures
Sal
seasickness's
sensationalists
snap
spin
steward's
stoics
strawberry
suffocate
titanium
Toyota's
uppercut's
waste's
wayfarer's
whisking
wow's
yodelled
