Adderley
Adrienne's
after
andante
Angkor's
Anzac's
aromatherapy
atlas
Audubon
autocratic
beanbag's
bellows
bestriding
bookend
boycott's
bribery
captaincy's
carefree
choosey
clipped
contingents
coruscating
Cowley's
craving's
credo's
cutest
detectable
dismemberment's
domesticity's
drip
earthwork's
ecstasy's
electoral
factors
Fed
feds
frogs
hazes
Hughes's
hypotenuses
intensifier
Iqaluit's
IUD
July
Leibniz's
L'Oreal's
lugubriously
moccasins
moiety
mug's
Nigerian
nonbeliever
ostentation's
Paula's
Plantagenet
popular
portrait's
prices
provinces
Punic
quicklime
remakes
Romulus
roués
ruins
secessionists
shammed
shuddered
shuttle's
shyest
skyrocketing
snagged
sonority
Southey's
spluttered
stave's
stratospheres
stretchiest
Stromboli
sunlit
superimposed
supported
tentacle's
tombing
trolled
truthers
tumults
tussling
typewrite
typhoid's
uncleanness's
undercurrents
undercuts
vegetarianism's
wane
whooshed
Wiesenthal's
windsock's
wowing
YMCA's
