Achilles's
admirals
analogy's
anxiously
appeal
arm
armpit's
artichoke
asperity
barricade's
blots
Boas
caplet's
cavemen
clones
compensatory
cornflakes's
Daley's
debts
discontentment
documented
emporium
enervates
entitlements
Essex's
Excalibur
excuse's
extinct
favorite's
fizzle
flocking
frolic's
frumpy
Gaelic's
Geiger's
Graham
guffaws
Halloween's
hey
hideousness
hobbits
humorous
hurls
insist
leaping
linnet
locates
matter
misalliance
morns
Moselle's
mourner's
mullet's
naphthalene's
nasal
nausea
nineteen's
nonstop
paddle
pinpricks
pocketbook
poisoning
Quinton
recklessness's
recreating
redistricting
reprisals
resilience
rib's
saltshakers
sandpaper
sardine's
scrams
sects
shameful
shipboard
shrub's
Sid's
so's
spayed
splicer
stockholder
Stokes's
storage's
submersed
swapped
switched
telltale's
testifying
theatre
throne
Troy's
typewrites
undemanding
underplayed
unravelling
variables
wet
wheels
worksheet's
