allowance
alphabet's
argue
automation's
bassist's
biochemical
browser's
burnouses
cantaloup's
Carney's
clunk
corollary
corroding
counterpoint's
despatched
discontinuity's
downscale
drabs
dribbling
dropout
Dutchman's
eddies
employ
equipoise
establishment's
expecting
eyepieces
fists
foodstuffs
gregarious
hobos
Honecker
hustler
hydroplaning
incrusted
Kansans
kilos
lifeblood
lighting
littorals
marrows
Matthew's
Megan's
microprocessor
Montague's
moonlights
mugger's
Munch
narratives
normalcy's
Nouakchott's
obfuscating
pebble's
pensive
phonologists
piped
profoundest
proofed
protons
pulpier
Quincy's
redhead's
redressed
repertory's
rings
routines
rubbished
sameness
satiates
Seleucus's
shan't
shiftiest
sillies
snaps
soirée
sophomore
soporific's
sparrow
spawns
spokesmen
sponging
surpassed
Tasha
Tchaikovsky's
thatches
Tillich
tong's
torch
trapper's
tropospheres
turnover
turpentine's
unsubscribes
useable
vaginal
ventriloquists
Wahhabi's
work
yawed
zeppelin's
