armchair's
Astoria's
autonomous
bailouts
barraged
BB
Bendix's
besides
bovine
breathable
bullion
Burmese's
calfs
capering
caster's
charwoman
circumscribe
clump's
cocoon's
consonance
conundrums
counterrevolution's
curie's
curricula
cynicism's
dateline
deterrents
Deuteronomy
disinterring
dissemble
double
dust's
Edwardo
evolutionary
eyeballed
Farley's
flowchart
gabardines
geez
Gingrich's
Glendale
grater's
Grimm
headphone
hemoglobin
House
insolubility's
interdiction's
Keck's
manners
mannishly
Marduk
Morley's
narcotic's
negligence
Nestorius
optometry's
outflanked
overextending
Palestine's
Paul's
picking
Pindar's
pintoes
prevail
professors
pussyfooting
refulgence's
relevancy
riddle
rustler's
sadistic
scoldings
seam
segment's
semis
servicewomen
Sibelius's
significant
Silva's
smuggles
Socrates
spine
stocky
stubble's
sugarcoated
superficially
supposed
surveyor's
tattler
trainee's
tryst
ump
uninterrupted
variety
vicissitudes
Wilton
wisteria
Woolworth
workout
