Acuff's
after
alley's
alloying
alphabetic
arcked
arrogate
atriums
blanketed
braining
brewed
broadband's
cavities
Cheops
citron's
confronts
connoisseurs
crinkles
crutch
deliver
Didrikson
distaste's
Doug
driblets
eagerer
ecologists
eighteenths
enthusiastic
eventfulness
felony
flatterers
flounces
foreigner's
fungus
funneled
gentling
glycogen's
grenades
harkening
inaccuracy
inessential's
infirm
interim
keenly
kinfolk
kudos
lassoes
Li
Liberia's
Lithuanians
Louisiana
many
median's
Melanie
midget
mindlessness
mortification
mulishly
outrage's
overselling
overstaying
oxbow's
pantheon's
patsy's
penetrated
Plautus
purging
radiotherapy's
raunchiness
reapplying
recite
remake
Richter
riots
rubbishy
Sachs
saviors
schoolhouses
shouted
sidelining
somnambulism's
sportsmen
stagflation's
stereoscope
stilled
stilts
stupors
Sumeria
surgeries
swim
synching
tamarind's
tarot
thorium's
trainees
tranquillest
translucence
twerp's
Vesta
winterier
