Acheson's
aftertaste
apogees
Bacchanalia
batch
Bates
besom's
blows
blushes
Bunsen's
cahoots
Cajun's
Carney's
Carthage's
Catskills's
choreographic
condoles
conquistador's
cotter's
cranberry's
creek's
crofts
Day
debauch's
devotee
discolor
dogma
establishment
explicated
expressible
extremist
fabric's
ferret
finaglers
freckle's
gaudy
glimmering
hitched
incandescent
infinity's
inkier
insurrectionist
interest
irrigating
Jeremiahs
Kamehameha
Kane
kibbutz's
kiddies
kludging
lampoon's
Lars's
levies
limp's
Lockean
Machiavellian
Macintosh's
mapper
mavericks
Mayer
Middletown
mints
mush's
Ne
Nikolai's
nor
oozes
phlegmatic
pillowed
pitch
preconditions
pretender's
qualitatively
radiation
readily
refugees
retouched
retrorocket
Saar
sabres
sahib's
saloons
schismatic
scintillation's
segregated
showier
size
slither's
snippet
spender's
stingrays
sublimation's
suctions
Tabriz's
Tamerlane
taut
Torricelli
tubers
weaseling
wished
