amnesiacs
armadillo
Attila
Beard's
blockaded
blush
caftan's
campsite's
carnally
cavemen
checkbook
chintz's
Chrystal
clergymen
cloistered
cob
Comoros
conjoining
contracted
cortex's
creamers
declamation's
Del
drawbacks
elfin
elites
employments
evenest
flintiest
forestation's
gain
genealogists
gloried
haymow
heckles
Hepplewhite
hermitage
hermitage's
Hiram's
intruders
Janjaweed
kneeled
Knesset
Kurosawa
Lockean's
lonesome
melt's
Ming
Muskogee
nave
negligent
newsgroup
niches
ninetieth's
ourselves
patter
philologist
piquant
pirate's
PowerPC's
price
professionalism's
psalmist
publican's
recipes
relies
remark's
Risorgimento
Scarborough's
shekel's
shenanigan's
shrieks
slider's
snap's
sneered
sorcerers
spatters
squired
stammering
standby's
stat's
stoops
stubbed
Suleiman
Tabasco
thalami
throughways
torqued
touchstone
tracheae
turn
ulcer
Uruguayan's
usual
Ute
warrantied
Warren's
weevil
xref
zoos
