abettors
accord
airing's
ally's
alto's
Amsterdam
arraignment
belittled
bevels
blot
bond's
brattier
bridesmaid
brigands
Canberra's
chairmanship
Christianities
clamp
communicable
Conrail's
cosmetology's
craven's
crypts
defrosting
denser
dismembering
economize
EDT
ejected
emotion's
enemy
Eurasia's
executor
fearsome
finally
flinched
four
govt
handpick
Harte
Hearst
hollowed
impaled
imputed
inclosing
intermingled
jockeys
jot
Kidd's
malignancy
marginal
McKinney
midwifery
minuscule
missilery's
Mobil's
mocha
monicker's
moonshot's
motorbike's
NAACP's
narwhal's
negotiators
panache's
Pareto's
Parker's
pedicures
philippic's
piton
Poirot's
poppycock
practicalities
prostitutes
pulpiest
quarts
rampart's
ravens
refinancing
related
rows
Rufus's
sandblasting
Schenectady's
segue
showplace's
sinecure's
sinker's
Sorbonne's
sublets
supervised
Tanya
torus
travels
trepidation's
Velez
vulture's
waldoes
Wasatch's
waterboarded
Wilmington
