abstracting
accessory
acuter
addressed
adultery's
Agamemnon's
aglow
anticipation
apprehensive
armistice
Bandung's
banns's
barring
bishop's
blat
bluebirds
briefed
brownest
Canton
Chanel
Chi's
chitchat
clamp
clap's
Clarence's
clothing
collaborator's
compressors
consciousness
contentment
covenant's
dare's
delimiters
difficulties
Doppler
driveway
drops
duress's
equipoise
feathers
fens
festooning
fiddlers
filleted
fireman's
fluorine's
gendarme's
geneses
handrail's
Hispanic
hoedowns
honest
hunchbacks
hypothermia
ides
inanimate
intransigent's
intrinsic
investments
isinglass's
jockstrap
juncture
Kline
ladyfinger's
Lardner's
mantes
Mildred's
motorcade
mottling
Mountie's
nationalizes
Nautilus
nobler
obelisks
osiers
paperback
paramount
pealing
permanent
pound's
proboscises
pussyfooting
reciprocity's
rename
resonances
sandpaper
scoundrel
scrubber
selective
shoeshines
spoonfuls
steadiness
tanneries
test's
testy
typing
unravelled
valley's
VCR's
wouldn't
