atherosclerosis
Baku
bandits
Baptiste
bareness's
battlement
Bic
bifurcations
boors
Boötes's
burps
canny
Carolinian
chariots
cobwebs
couched
coyest
CPA
Crick's
cuddly
darkens
Darnell's
denial
dirk's
disagreeing
disarranges
disgraced
doweling
dyspepsia's
edgiest
eighteens
fascists
feather's
fingering's
fizziest
flee
Fleischer
furrier's
godchildren's
hellholes
hibernated
hotheadedly
inconveniently
inculcation
infatuation
interrelation
intervened
Knight's
lighthearted
lyre
Madurai
matrons
Melisande's
mildly
mirrored
muezzin
Nagoya
NIMBY
northeastward
ormolu
overestimate
overtaxes
Paderewski's
perusal
piling
pounces
prom
protégé's
recliner
Reeves
refrigerator's
restraint's
reverent
riverbed's
rower's
Schnauzer
shyster
Sindbad
slenderest
somber
soulmates
spawns
stared
Stygian's
sublease's
Suharto
tactical
thick
threshers
toddler's
Tungus
underarm
underarms
unscrewing
urbanity
vaunt's
Verdi
Wabash's
wishing
wrigglers
