abridgement's
adventurers
apricots
attests
baloney's
banquets
Baywatch's
boot
caloric
camerawoman's
centurion's
childhood's
circumscribed
cleft
contumely
coursing
craftsman's
cubism's
daintiness's
degeneration
delineating
desensitization
detachment
dignifies
dignitaries
doohickey's
draftsman's
ductless
engagingly
Epictetus
Etruria's
extruded
farmhouse
flask
funniest
Garfunkel's
Getty's
gladiolus
glimpse's
greeting's
groom
grubbing
grunting
Gujarati's
housecoat's
husbandry
imprimatur
inquietude
interoffice
James
Javier
laundrymen
lift
Linnaeus's
lopsidedness's
Lydia's
macro
mambo
miaow's
milker
muteness's
occlusive
outage's
Pacino
painkiller's
Patna's
powerlessly
presaging
prevalence
randomnesses
recenter
recombine
refectory's
referring
Ricky
Salvadoran's
scribe
seekers
Sicilian's
slob's
soaring
sodden
sorriest
spellbinding
stodgier
stratagems
suddenness
suppurate
Suva
swatters
Tarkenton
thievery's
Tussaud's
two's
underdone
Unicode
Velázquez
vigilante's
wonted
wormed
