abattoir
acing
Albanian's
antigen
barest
brims
callus's
chairwomen
changeovers
choler's
clouts
Coimbatore's
colossal
compliance
coteries
crass
crating
cruddier
cultivators
diagnosed
dispassionately
Dona
duckling's
Ebeneezer's
echo
electron's
Elizabethans
ellipses
embarrassments
engendering
Fed
firmed
flakiness
flimflammed
gain's
gazettes
gizzards
grindstones
Gris
grudges
Hampton
handiwork's
happened
hibernating
hospitalization
Houdini's
inaction's
intrepid
intrusion's
Invar
Jimmy's
Jody
launch
legalese's
ligament's
Menes
Mindanao
monkeyed
monstrance
multilingual
mutants
napalm's
organize
Orkney
perfidy
piano
plutocracy
pool
prevaricated
raceway
reheats
replicate
repugnant
runways
saliva
Samantha
sanitized
scald
scalloping
scrod's
scum
serrated
simulcast
slipshod
snips
Southeast's
spreeing
squinted
stroke's
succumb
tawniest
tense's
tolerating
transgresses
Verona's
witnessed
Wittgenstein
wrenching
Yalta
Yuan
