acacia's
aerodynamics's
agar
Agrippina
amphibious
astrophysicist
attributively
battleship
bee
besoms
bettors
boarded
brunt
bunting's
Burnett's
buttonholed
canoeist
category's
Cecil's
Cetus
characteristically
coffeecake
compromises
conserve
cote
courts
crouch's
curriculum's
customize
defecated
departed's
disconsolate
disinfect
dissenters
ditties
fireplaces
flounce's
glass
griffin
hastily
hellebore's
hitches
HQ's
HUD
immaturity's
infiltrators
Intelsat
junctures
Lateran
licencing
mallard's
marsupial's
ministrants
Musharraf
nasalized
neighing
newsboy
Nigerian's
nominee
ops
owlish
passably
pentagon
permed
physics's
pilot
pinches
pol's
privet's
quaked
RayBan's
recoiled
rhomboid's
roundabouts
saint's
scavengers
schoolbooks
SharePoint's
skullduggery's
sodden
speedboats
staging
stapling
strictest
suet's
suicides
synchronized
tassel
taunts
termly
tersest
there
Tokyo
transshipped
undermines
use's
vivace
wilts
wires
Yerkes
