abbot
adjure
anaesthesia
aridity
athletics
Aug
awning's
Backus
balkier
blogging
boardroom's
bolstered
boogie's
Brno's
budgeted
bullshit
Callahan
Cameron's
canonical
cantaloup's
cants
celebration's
codifications
colonoscopy
compress
computer's
confirmatory
contaminate
credible
decks
deepfake's
deleverages
difficulties
Donatello's
Dortmund
Duncan
edginess's
embezzles
Emmett's
Erasmus's
exasperating
expansionist's
extemporized
extinctions
fitted
foals
Gaiman's
gateway
goat
hallucinations
hereupon
holder's
hominess
imam's
immanent
Jeannette
laceration's
lockup
Lottie's
Lucio's
mauled
muddied
Nell
Norwegian's
opaquest
overawed
pagers
panier's
pathos
perforating
petrol
phylum
physic
pursuer
racoons
riffle's
seedling
serially
settings
siphoning
ski
sleeplessness
stolid
submersibles
substantiation's
Sukarno's
supervenes
swipes
tabernacle
thee
titans
transcript's
twain
typecasts
unaided
unmerciful
ventilated
villa
waters's
weeknight's
